This is XeTeX, Version 3.141592653-2.6-0.999996 (TeX Live 2024) (preloaded format=xelatex 2024.5.9)  12 JUN 2024 19:20
entering extended mode
 restricted \write18 enabled.
 %&-line parsing enabled.
**presento.tex
(./presento.tex
LaTeX2e <2023-11-01> patch level 1
L3 programming layer <2024-04-11>
(c:/texlive/2024/texmf-dist/tex/latex/beamer/beamer.cls
Document Class: beamer 2024/01/06 v3.71 A class for typesetting presentations
(c:/texlive/2024/texmf-dist/tex/latex/beamer/beamerbasemodes.sty
(c:/texlive/2024/texmf-dist/tex/latex/etoolbox/etoolbox.sty
Package: etoolbox 2020/10/05 v2.5k e-TeX tools for LaTeX (JAW)
\etb@tempcnta=\count185
)
\beamer@tempbox=\box51
\beamer@tempcount=\count186
\c@beamerpauses=\count187

(c:/texlive/2024/texmf-dist/tex/latex/beamer/beamerbasedecode.sty
\beamer@slideinframe=\count188
\beamer@minimum=\count189
\beamer@decode@box=\box52
)
\beamer@commentbox=\box53
\beamer@modecount=\count190
)
(c:/texlive/2024/texmf-dist/tex/generic/iftex/iftex.sty
Package: iftex 2022/02/03 v1.0f TeX engine tests
)
\headdp=\dimen140
\footheight=\dimen141
\sidebarheight=\dimen142
\beamer@tempdim=\dimen143
\beamer@finalheight=\dimen144
\beamer@animht=\dimen145
\beamer@animdp=\dimen146
\beamer@animwd=\dimen147
\beamer@leftmargin=\dimen148
\beamer@rightmargin=\dimen149
\beamer@leftsidebar=\dimen150
\beamer@rightsidebar=\dimen151
\beamer@boxsize=\dimen152
\beamer@vboxoffset=\dimen153
\beamer@descdefault=\dimen154
\beamer@descriptionwidth=\dimen155
\beamer@lastskip=\skip48
\beamer@areabox=\box54
\beamer@animcurrent=\box55
\beamer@animshowbox=\box56
\beamer@sectionbox=\box57
\beamer@logobox=\box58
\beamer@linebox=\box59
\beamer@sectioncount=\count191
\beamer@subsubsectionmax=\count192
\beamer@subsectionmax=\count193
\beamer@sectionmax=\count194
\beamer@totalheads=\count195
\beamer@headcounter=\count196
\beamer@partstartpage=\count197
\beamer@sectionstartpage=\count198
\beamer@subsectionstartpage=\count199
\beamer@animationtempa=\count266
\beamer@animationtempb=\count267
\beamer@xpos=\count268
\beamer@ypos=\count269
\beamer@ypos@offset=\count270
\beamer@showpartnumber=\count271
\beamer@currentsubsection=\count272
\beamer@coveringdepth=\count273
\beamer@sectionadjust=\count274
\beamer@toclastsection=\count275
\beamer@tocsectionnumber=\count276

(c:/texlive/2024/texmf-dist/tex/latex/beamer/beamerbaseoptions.sty
(c:/texlive/2024/texmf-dist/tex/latex/graphics/keyval.sty
Package: keyval 2022/05/29 v1.15 key=value parser (DPC)
\KV@toks@=\toks17
))
\beamer@paperwidth=\skip49
\beamer@paperheight=\skip50

(c:/texlive/2024/texmf-dist/tex/latex/geometry/geometry.sty
Package: geometry 2020/01/02 v5.9 Page Geometry

(c:/texlive/2024/texmf-dist/tex/generic/iftex/ifvtex.sty
Package: ifvtex 2019/10/25 v1.7 ifvtex legacy package. Use iftex instead.
)
\Gm@cnth=\count277
\Gm@cntv=\count278
\c@Gm@tempcnt=\count279
\Gm@bindingoffset=\dimen156
\Gm@wd@mp=\dimen157
\Gm@odd@mp=\dimen158
\Gm@even@mp=\dimen159
\Gm@layoutwidth=\dimen160
\Gm@layoutheight=\dimen161
\Gm@layouthoffset=\dimen162
\Gm@layoutvoffset=\dimen163
\Gm@dimlist=\toks18
)
(c:/texlive/2024/texmf-dist/tex/latex/pgf/math/pgfmath.sty
(c:/texlive/2024/texmf-dist/tex/latex/pgf/utilities/pgfrcs.sty
(c:/texlive/2024/texmf-dist/tex/generic/pgf/utilities/pgfutil-common.tex
\pgfutil@everybye=\toks19
\pgfutil@tempdima=\dimen164
\pgfutil@tempdimb=\dimen165
)
(c:/texlive/2024/texmf-dist/tex/generic/pgf/utilities/pgfutil-latex.def
\pgfutil@abb=\box60
)
(c:/texlive/2024/texmf-dist/tex/generic/pgf/utilities/pgfrcs.code.tex
(c:/texlive/2024/texmf-dist/tex/generic/pgf/pgf.revision.tex)
Package: pgfrcs 2023-01-15 v3.1.10 (3.1.10)
))
(c:/texlive/2024/texmf-dist/tex/latex/pgf/utilities/pgfkeys.sty
(c:/texlive/2024/texmf-dist/tex/generic/pgf/utilities/pgfkeys.code.tex
\pgfkeys@pathtoks=\toks20
\pgfkeys@temptoks=\toks21

(c:/texlive/2024/texmf-dist/tex/generic/pgf/utilities/pgfkeyslibraryfiltered.co
de.tex
\pgfkeys@tmptoks=\toks22
))) (c:/texlive/2024/texmf-dist/tex/generic/pgf/math/pgfmath.code.tex
(c:/texlive/2024/texmf-dist/tex/generic/pgf/math/pgfmathutil.code.tex
\pgf@x=\dimen166
\pgf@xa=\dimen167
\pgf@xb=\dimen168
\pgf@xc=\dimen169
\pgf@y=\dimen170
\pgf@ya=\dimen171
\pgf@yb=\dimen172
\pgf@yc=\dimen173
\c@pgf@counta=\count280
\c@pgf@countb=\count281
\c@pgf@countc=\count282
\c@pgf@countd=\count283
)
(c:/texlive/2024/texmf-dist/tex/generic/pgf/math/pgfmathparser.code.tex
\pgfmath@dimen=\dimen174
\pgfmath@count=\count284
\pgfmath@box=\box61
\pgfmath@toks=\toks23
\pgfmath@stack@operand=\toks24
\pgfmath@stack@operation=\toks25
)
(c:/texlive/2024/texmf-dist/tex/generic/pgf/math/pgfmathfunctions.code.tex)
(c:/texlive/2024/texmf-dist/tex/generic/pgf/math/pgfmathfunctions.basic.code.te
x)
(c:/texlive/2024/texmf-dist/tex/generic/pgf/math/pgfmathfunctions.trigonometric
.code.tex)
(c:/texlive/2024/texmf-dist/tex/generic/pgf/math/pgfmathfunctions.random.code.t
ex)
(c:/texlive/2024/texmf-dist/tex/generic/pgf/math/pgfmathfunctions.comparison.co
de.tex)
(c:/texlive/2024/texmf-dist/tex/generic/pgf/math/pgfmathfunctions.base.code.tex
)
(c:/texlive/2024/texmf-dist/tex/generic/pgf/math/pgfmathfunctions.round.code.te
x)
(c:/texlive/2024/texmf-dist/tex/generic/pgf/math/pgfmathfunctions.misc.code.tex
)
(c:/texlive/2024/texmf-dist/tex/generic/pgf/math/pgfmathfunctions.integerarithm
etics.code.tex)
(c:/texlive/2024/texmf-dist/tex/generic/pgf/math/pgfmathcalc.code.tex)
(c:/texlive/2024/texmf-dist/tex/generic/pgf/math/pgfmathfloat.code.tex
\c@pgfmathroundto@lastzeros=\count285
)))
(c:/texlive/2024/texmf-dist/tex/latex/base/size12.clo
File: size12.clo 2023/05/17 v1.4n Standard LaTeX file (size option)
)
(c:/texlive/2024/texmf-dist/tex/latex/pgf/basiclayer/pgfcore.sty
(c:/texlive/2024/texmf-dist/tex/latex/graphics/graphicx.sty
Package: graphicx 2021/09/16 v1.2d Enhanced LaTeX Graphics (DPC,SPQR)

(c:/texlive/2024/texmf-dist/tex/latex/graphics/graphics.sty
Package: graphics 2022/03/10 v1.4e Standard LaTeX Graphics (DPC,SPQR)

(c:/texlive/2024/texmf-dist/tex/latex/graphics/trig.sty
Package: trig 2021/08/11 v1.11 sin cos tan (DPC)
)
(c:/texlive/2024/texmf-dist/tex/latex/graphics-cfg/graphics.cfg
File: graphics.cfg 2016/06/04 v1.11 sample graphics configuration
)
Package graphics Info: Driver file: xetex.def on input line 107.

(c:/texlive/2024/texmf-dist/tex/latex/graphics-def/xetex.def
File: xetex.def 2022/09/22 v5.0n Graphics/color driver for xetex
))
\Gin@req@height=\dimen175
\Gin@req@width=\dimen176
)
(c:/texlive/2024/texmf-dist/tex/latex/pgf/systemlayer/pgfsys.sty
(c:/texlive/2024/texmf-dist/tex/generic/pgf/systemlayer/pgfsys.code.tex
Package: pgfsys 2023-01-15 v3.1.10 (3.1.10)
\pgf@x=\dimen177
\pgf@y=\dimen178
\pgf@xa=\dimen179
\pgf@ya=\dimen180
\pgf@xb=\dimen181
\pgf@yb=\dimen182
\pgf@xc=\dimen183
\pgf@yc=\dimen184
\pgf@xd=\dimen185
\pgf@yd=\dimen186
\w@pgf@writea=\write3
\r@pgf@reada=\read2
\c@pgf@counta=\count286
\c@pgf@countb=\count287
\c@pgf@countc=\count288
\c@pgf@countd=\count289
\t@pgf@toka=\toks26
\t@pgf@tokb=\toks27
\t@pgf@tokc=\toks28
\pgf@sys@id@count=\count290

(c:/texlive/2024/texmf-dist/tex/generic/pgf/systemlayer/pgf.cfg
File: pgf.cfg 2023-01-15 v3.1.10 (3.1.10)
)
Driver file for pgf: pgfsys-xetex.def

(c:/texlive/2024/texmf-dist/tex/generic/pgf/systemlayer/pgfsys-xetex.def
File: pgfsys-xetex.def 2023-01-15 v3.1.10 (3.1.10)

(c:/texlive/2024/texmf-dist/tex/generic/pgf/systemlayer/pgfsys-dvipdfmx.def
File: pgfsys-dvipdfmx.def 2023-01-15 v3.1.10 (3.1.10)

(c:/texlive/2024/texmf-dist/tex/generic/pgf/systemlayer/pgfsys-common-pdf.def
File: pgfsys-common-pdf.def 2023-01-15 v3.1.10 (3.1.10)
)
\pgfsys@objnum=\count291
)))
(c:/texlive/2024/texmf-dist/tex/generic/pgf/systemlayer/pgfsyssoftpath.code.tex
File: pgfsyssoftpath.code.tex 2023-01-15 v3.1.10 (3.1.10)
\pgfsyssoftpath@smallbuffer@items=\count292
\pgfsyssoftpath@bigbuffer@items=\count293
)
(c:/texlive/2024/texmf-dist/tex/generic/pgf/systemlayer/pgfsysprotocol.code.tex
File: pgfsysprotocol.code.tex 2023-01-15 v3.1.10 (3.1.10)
)) (c:/texlive/2024/texmf-dist/tex/latex/xcolor/xcolor.sty
Package: xcolor 2023/11/15 v3.01 LaTeX color extensions (UK)

(c:/texlive/2024/texmf-dist/tex/latex/graphics-cfg/color.cfg
File: color.cfg 2016/01/02 v1.6 sample color configuration
)
Package xcolor Info: Driver file: xetex.def on input line 274.

(c:/texlive/2024/texmf-dist/tex/latex/graphics/mathcolor.ltx)
Package xcolor Info: Model `cmy' substituted by `cmy0' on input line 1350.
Package xcolor Info: Model `RGB' extended on input line 1366.
Package xcolor Info: Model `HTML' substituted by `rgb' on input line 1368.
Package xcolor Info: Model `Hsb' substituted by `hsb' on input line 1369.
Package xcolor Info: Model `tHsb' substituted by `hsb' on input line 1370.
Package xcolor Info: Model `HSB' substituted by `hsb' on input line 1371.
Package xcolor Info: Model `Gray' substituted by `gray' on input line 1372.
Package xcolor Info: Model `wave' substituted by `hsb' on input line 1373.
)
(c:/texlive/2024/texmf-dist/tex/generic/pgf/basiclayer/pgfcore.code.tex
Package: pgfcore 2023-01-15 v3.1.10 (3.1.10)

(c:/texlive/2024/texmf-dist/tex/generic/pgf/math/pgfint.code.tex)
(c:/texlive/2024/texmf-dist/tex/generic/pgf/basiclayer/pgfcorepoints.code.tex
File: pgfcorepoints.code.tex 2023-01-15 v3.1.10 (3.1.10)
\pgf@picminx=\dimen187
\pgf@picmaxx=\dimen188
\pgf@picminy=\dimen189
\pgf@picmaxy=\dimen190
\pgf@pathminx=\dimen191
\pgf@pathmaxx=\dimen192
\pgf@pathminy=\dimen193
\pgf@pathmaxy=\dimen194
\pgf@xx=\dimen195
\pgf@xy=\dimen196
\pgf@yx=\dimen197
\pgf@yy=\dimen198
\pgf@zx=\dimen199
\pgf@zy=\dimen256
)
(c:/texlive/2024/texmf-dist/tex/generic/pgf/basiclayer/pgfcorepathconstruct.cod
e.tex
File: pgfcorepathconstruct.code.tex 2023-01-15 v3.1.10 (3.1.10)
\pgf@path@lastx=\dimen257
\pgf@path@lasty=\dimen258
)
(c:/texlive/2024/texmf-dist/tex/generic/pgf/basiclayer/pgfcorepathusage.code.te
x
File: pgfcorepathusage.code.tex 2023-01-15 v3.1.10 (3.1.10)
\pgf@shorten@end@additional=\dimen259
\pgf@shorten@start@additional=\dimen260
)
(c:/texlive/2024/texmf-dist/tex/generic/pgf/basiclayer/pgfcorescopes.code.tex
File: pgfcorescopes.code.tex 2023-01-15 v3.1.10 (3.1.10)
\pgfpic=\box62
\pgf@hbox=\box63
\pgf@layerbox@main=\box64
\pgf@picture@serial@count=\count294
)
(c:/texlive/2024/texmf-dist/tex/generic/pgf/basiclayer/pgfcoregraphicstate.code
.tex
File: pgfcoregraphicstate.code.tex 2023-01-15 v3.1.10 (3.1.10)
\pgflinewidth=\dimen261
)
(c:/texlive/2024/texmf-dist/tex/generic/pgf/basiclayer/pgfcoretransformations.c
ode.tex
File: pgfcoretransformations.code.tex 2023-01-15 v3.1.10 (3.1.10)
\pgf@pt@x=\dimen262
\pgf@pt@y=\dimen263
\pgf@pt@temp=\dimen264
)
(c:/texlive/2024/texmf-dist/tex/generic/pgf/basiclayer/pgfcorequick.code.tex
File: pgfcorequick.code.tex 2023-01-15 v3.1.10 (3.1.10)
)
(c:/texlive/2024/texmf-dist/tex/generic/pgf/basiclayer/pgfcoreobjects.code.tex
File: pgfcoreobjects.code.tex 2023-01-15 v3.1.10 (3.1.10)
)
(c:/texlive/2024/texmf-dist/tex/generic/pgf/basiclayer/pgfcorepathprocessing.co
de.tex
File: pgfcorepathprocessing.code.tex 2023-01-15 v3.1.10 (3.1.10)
)
(c:/texlive/2024/texmf-dist/tex/generic/pgf/basiclayer/pgfcorearrows.code.tex
File: pgfcorearrows.code.tex 2023-01-15 v3.1.10 (3.1.10)
\pgfarrowsep=\dimen265
)
(c:/texlive/2024/texmf-dist/tex/generic/pgf/basiclayer/pgfcoreshade.code.tex
File: pgfcoreshade.code.tex 2023-01-15 v3.1.10 (3.1.10)
\pgf@max=\dimen266
\pgf@sys@shading@range@num=\count295
\pgf@shadingcount=\count296
)
(c:/texlive/2024/texmf-dist/tex/generic/pgf/basiclayer/pgfcoreimage.code.tex
File: pgfcoreimage.code.tex 2023-01-15 v3.1.10 (3.1.10)
)
(c:/texlive/2024/texmf-dist/tex/generic/pgf/basiclayer/pgfcoreexternal.code.tex
File: pgfcoreexternal.code.tex 2023-01-15 v3.1.10 (3.1.10)
\pgfexternal@startupbox=\box65
) (c:/texlive/2024/texmf-dist/tex/generic/pgf/basiclayer/pgfcorelayers.code.tex
File: pgfcorelayers.code.tex 2023-01-15 v3.1.10 (3.1.10)
)
(c:/texlive/2024/texmf-dist/tex/generic/pgf/basiclayer/pgfcoretransparency.code
.tex
File: pgfcoretransparency.code.tex 2023-01-15 v3.1.10 (3.1.10)
)
(c:/texlive/2024/texmf-dist/tex/generic/pgf/basiclayer/pgfcorepatterns.code.tex
File: pgfcorepatterns.code.tex 2023-01-15 v3.1.10 (3.1.10)
) (c:/texlive/2024/texmf-dist/tex/generic/pgf/basiclayer/pgfcorerdf.code.tex
File: pgfcorerdf.code.tex 2023-01-15 v3.1.10 (3.1.10)
))) (c:/texlive/2024/texmf-dist/tex/latex/pgf/utilities/xxcolor.sty
Package: xxcolor 2003/10/24 ver 0.1
\XC@nummixins=\count297
\XC@countmixins=\count298
)
(c:/texlive/2024/texmf-dist/tex/latex/base/atbegshi-ltx.sty
Package: atbegshi-ltx 2021/01/10 v1.0c Emulation of the original atbegshi
package with kernel methods
)
(c:/texlive/2024/texmf-dist/tex/latex/hyperref/hyperref.sty
Package: hyperref 2024-01-20 v7.01h Hypertext links for LaTeX

(c:/texlive/2024/texmf-dist/tex/latex/kvsetkeys/kvsetkeys.sty
Package: kvsetkeys 2022-10-05 v1.19 Key value parser (HO)
)
(c:/texlive/2024/texmf-dist/tex/generic/kvdefinekeys/kvdefinekeys.sty
Package: kvdefinekeys 2019-12-19 v1.6 Define keys (HO)
)
(c:/texlive/2024/texmf-dist/tex/generic/pdfescape/pdfescape.sty
Package: pdfescape 2019/12/09 v1.15 Implements pdfTeX's escape features (HO)

(c:/texlive/2024/texmf-dist/tex/generic/ltxcmds/ltxcmds.sty
Package: ltxcmds 2023-12-04 v1.26 LaTeX kernel commands for general use (HO)
)
(c:/texlive/2024/texmf-dist/tex/generic/pdftexcmds/pdftexcmds.sty
Package: pdftexcmds 2020-06-27 v0.33 Utility functions of pdfTeX for LuaTeX (HO
)

(c:/texlive/2024/texmf-dist/tex/generic/infwarerr/infwarerr.sty
Package: infwarerr 2019/12/03 v1.5 Providing info/warning/error messages (HO)
)
Package pdftexcmds Info: \pdf@primitive is available.
Package pdftexcmds Info: \pdf@ifprimitive is available.
Package pdftexcmds Info: \pdfdraftmode not found.
))
(c:/texlive/2024/texmf-dist/tex/latex/hycolor/hycolor.sty
Package: hycolor 2020-01-27 v1.10 Color options for hyperref/bookmark (HO)
)
(c:/texlive/2024/texmf-dist/tex/latex/auxhook/auxhook.sty
Package: auxhook 2019-12-17 v1.6 Hooks for auxiliary files (HO)
)
(c:/texlive/2024/texmf-dist/tex/latex/hyperref/nameref.sty
Package: nameref 2023-11-26 v2.56 Cross-referencing by name of section

(c:/texlive/2024/texmf-dist/tex/latex/refcount/refcount.sty
Package: refcount 2019/12/15 v3.6 Data extraction from label references (HO)
)
(c:/texlive/2024/texmf-dist/tex/generic/gettitlestring/gettitlestring.sty
Package: gettitlestring 2019/12/15 v1.6 Cleanup title references (HO)

(c:/texlive/2024/texmf-dist/tex/latex/kvoptions/kvoptions.sty
Package: kvoptions 2022-06-15 v3.15 Key value format for package options (HO)
))
\c@section@level=\count299
)
\@linkdim=\dimen267
\Hy@linkcounter=\count300
\Hy@pagecounter=\count301

(c:/texlive/2024/texmf-dist/tex/latex/hyperref/pd1enc.def
File: pd1enc.def 2024-01-20 v7.01h Hyperref: PDFDocEncoding definition (HO)
)
(c:/texlive/2024/texmf-dist/tex/generic/intcalc/intcalc.sty
Package: intcalc 2019/12/15 v1.3 Expandable calculations with integers (HO)
)
\Hy@SavedSpaceFactor=\count302

(c:/texlive/2024/texmf-dist/tex/latex/hyperref/puenc.def
File: puenc.def 2024-01-20 v7.01h Hyperref: PDF Unicode definition (HO)
)
Package hyperref Info: Option `bookmarks' set `true' on input line 4062.
Package hyperref Info: Option `bookmarksopen' set `true' on input line 4062.
Package hyperref Info: Option `implicit' set `false' on input line 4062.
Package hyperref Info: Hyper figures OFF on input line 4179.
Package hyperref Info: Link nesting OFF on input line 4184.
Package hyperref Info: Hyper index ON on input line 4187.
Package hyperref Info: Plain pages OFF on input line 4194.
Package hyperref Info: Backreferencing OFF on input line 4199.
Package hyperref Info: Implicit mode OFF; no redefinition of LaTeX internals.
Package hyperref Info: Bookmarks ON on input line 4446.
\c@Hy@tempcnt=\count303

(c:/texlive/2024/texmf-dist/tex/latex/url/url.sty
\Urlmuskip=\muskip16
Package: url 2013/09/16  ver 3.4  Verb mode for urls, etc.
)
LaTeX Info: Redefining \url on input line 4784.
\XeTeXLinkMargin=\dimen268

(c:/texlive/2024/texmf-dist/tex/generic/bitset/bitset.sty
Package: bitset 2019/12/09 v1.3 Handle bit-vector datatype (HO)

(c:/texlive/2024/texmf-dist/tex/generic/bigintcalc/bigintcalc.sty
Package: bigintcalc 2019/12/15 v1.5 Expandable calculations on big integers (HO
)
))
\Fld@menulength=\count304
\Field@Width=\dimen269
\Fld@charsize=\dimen270
Package hyperref Info: Hyper figures OFF on input line 6063.
Package hyperref Info: Link nesting OFF on input line 6068.
Package hyperref Info: Hyper index ON on input line 6071.
Package hyperref Info: backreferencing OFF on input line 6078.
Package hyperref Info: Link coloring OFF on input line 6083.
Package hyperref Info: Link coloring with OCG OFF on input line 6088.
Package hyperref Info: PDF/A mode OFF on input line 6093.
\Hy@abspage=\count305


Package hyperref Message: Stopped early.

)
Package hyperref Info: Driver (autodetected): hxetex.
 (c:/texlive/2024/texmf-dist/tex/latex/hyperref/hxetex.def
File: hxetex.def 2024-01-20 v7.01h Hyperref driver for XeTeX

(c:/texlive/2024/texmf-dist/tex/generic/stringenc/stringenc.sty
Package: stringenc 2019/11/29 v1.12 Convert strings between diff. encodings (HO
)
)
\pdfm@box=\box66
\c@Hy@AnnotLevel=\count306
\HyField@AnnotCount=\count307
\Fld@listcount=\count308
\c@bookmark@seq@number=\count309

(c:/texlive/2024/texmf-dist/tex/latex/rerunfilecheck/rerunfilecheck.sty
Package: rerunfilecheck 2022-07-10 v1.10 Rerun checks for auxiliary files (HO)

(c:/texlive/2024/texmf-dist/tex/latex/base/atveryend-ltx.sty
Package: atveryend-ltx 2020/08/19 v1.0a Emulation of the original atveryend pac
kage
with kernel methods
)
(c:/texlive/2024/texmf-dist/tex/generic/uniquecounter/uniquecounter.sty
Package: uniquecounter 2019/12/15 v1.4 Provide unlimited unique counter (HO)
)
Package uniquecounter Info: New unique counter `rerunfilecheck' on input line 2
85.
))
(c:/texlive/2024/texmf-dist/tex/latex/beamer/beamerbaserequires.sty
(c:/texlive/2024/texmf-dist/tex/latex/beamer/beamerbasecompatibility.sty)
(c:/texlive/2024/texmf-dist/tex/latex/beamer/beamerbasefont.sty
(c:/texlive/2024/texmf-dist/tex/latex/amsfonts/amssymb.sty
Package: amssymb 2013/01/14 v3.01 AMS font symbols

(c:/texlive/2024/texmf-dist/tex/latex/amsfonts/amsfonts.sty
Package: amsfonts 2013/01/14 v3.01 Basic AMSFonts support
\@emptytoks=\toks29
\symAMSa=\mathgroup4
\symAMSb=\mathgroup5
LaTeX Font Info:    Redeclaring math symbol \hbar on input line 98.
LaTeX Font Info:    Overwriting math alphabet `\mathfrak' in version `bold'
(Font)                  U/euf/m/n --> U/euf/b/n on input line 106.
))
(c:/texlive/2024/texmf-dist/tex/latex/sansmathaccent/sansmathaccent.sty
Package: sansmathaccent 2020/01/31

(c:/texlive/2024/texmf-dist/tex/latex/koma-script/scrlfile.sty
Package: scrlfile 2023/07/07 v3.41 KOMA-Script package (file load hooks)

(c:/texlive/2024/texmf-dist/tex/latex/koma-script/scrlfile-hook.sty
Package: scrlfile-hook 2023/07/07 v3.41 KOMA-Script package (using LaTeX hooks)


(c:/texlive/2024/texmf-dist/tex/latex/koma-script/scrlogo.sty
Package: scrlogo 2023/07/07 v3.41 KOMA-Script package (logo)
)))))
(c:/texlive/2024/texmf-dist/tex/latex/beamer/beamerbasetranslator.sty
(c:/texlive/2024/texmf-dist/tex/latex/translator/translator.sty
Package: translator 2021-05-31 v1.12d Easy translation of strings in LaTeX
))
(c:/texlive/2024/texmf-dist/tex/latex/beamer/beamerbasemisc.sty)
(c:/texlive/2024/texmf-dist/tex/latex/beamer/beamerbasetwoscreens.sty)
(c:/texlive/2024/texmf-dist/tex/latex/beamer/beamerbaseoverlay.sty
\beamer@argscount=\count310
\beamer@lastskipcover=\skip51
\beamer@trivlistdepth=\count311
)
(c:/texlive/2024/texmf-dist/tex/latex/beamer/beamerbasetitle.sty)
(c:/texlive/2024/texmf-dist/tex/latex/beamer/beamerbasesection.sty
\c@lecture=\count312
\c@part=\count313
\c@section=\count314
\c@subsection=\count315
\c@subsubsection=\count316
)
(c:/texlive/2024/texmf-dist/tex/latex/beamer/beamerbaseframe.sty
\beamer@framebox=\box67
\beamer@frametitlebox=\box68
\beamer@zoombox=\box69
\beamer@zoomcount=\count317
\beamer@zoomframecount=\count318
\beamer@frametextheight=\dimen271
\c@subsectionslide=\count319
\beamer@frametopskip=\skip52
\beamer@framebottomskip=\skip53
\beamer@frametopskipautobreak=\skip54
\beamer@framebottomskipautobreak=\skip55
\beamer@envbody=\toks30
\framewidth=\dimen272
\c@framenumber=\count320
)
(c:/texlive/2024/texmf-dist/tex/latex/beamer/beamerbaseverbatim.sty
\beamer@verbatimfileout=\write4
)
(c:/texlive/2024/texmf-dist/tex/latex/beamer/beamerbaseframesize.sty
\beamer@splitbox=\box70
\beamer@autobreakcount=\count321
\beamer@autobreaklastheight=\dimen273
\beamer@frametitletoks=\toks31
\beamer@framesubtitletoks=\toks32
)
(c:/texlive/2024/texmf-dist/tex/latex/beamer/beamerbaseframecomponents.sty
\beamer@footins=\box71
)
(c:/texlive/2024/texmf-dist/tex/latex/beamer/beamerbasecolor.sty)
(c:/texlive/2024/texmf-dist/tex/latex/beamer/beamerbasenotes.sty
\beamer@frameboxcopy=\box72
)
(c:/texlive/2024/texmf-dist/tex/latex/beamer/beamerbasetoc.sty)
(c:/texlive/2024/texmf-dist/tex/latex/beamer/beamerbasetemplates.sty
\beamer@sbttoks=\toks33

(c:/texlive/2024/texmf-dist/tex/latex/beamer/beamerbaseauxtemplates.sty
(c:/texlive/2024/texmf-dist/tex/latex/beamer/beamerbaseboxes.sty
\bmb@box=\box73
\bmb@colorbox=\box74
\bmb@boxwidth=\dimen274
\bmb@boxheight=\dimen275
\bmb@prevheight=\dimen276
\bmb@temp=\dimen277
\bmb@dima=\dimen278
\bmb@dimb=\dimen279
\bmb@prevheight=\dimen280
)
\beamer@blockheadheight=\dimen281
))
(c:/texlive/2024/texmf-dist/tex/latex/beamer/beamerbaselocalstructure.sty
(c:/texlive/2024/texmf-dist/tex/latex/tools/enumerate.sty
Package: enumerate 2023/07/04 v3.00 enumerate extensions (DPC)
\@enLab=\toks34
)
\beamer@bibiconwidth=\skip56
\c@figure=\count322
\c@table=\count323
\abovecaptionskip=\skip57
\belowcaptionskip=\skip58
)
(c:/texlive/2024/texmf-dist/tex/latex/beamer/beamerbasenavigation.sty
(c:/texlive/2024/texmf-dist/tex/latex/beamer/beamerbasenavigationsymbols.tex)
\beamer@section@min@dim=\dimen282
)
(c:/texlive/2024/texmf-dist/tex/latex/beamer/beamerbasetheorems.sty
(c:/texlive/2024/texmf-dist/tex/latex/amsmath/amsmath.sty
Package: amsmath 2023/05/13 v2.17o AMS math features
\@mathmargin=\skip59

For additional information on amsmath, use the `?' option.
(c:/texlive/2024/texmf-dist/tex/latex/amsmath/amstext.sty
Package: amstext 2021/08/26 v2.01 AMS text

(c:/texlive/2024/texmf-dist/tex/latex/amsmath/amsgen.sty
File: amsgen.sty 1999/11/30 v2.0 generic functions
\@emptytoks=\toks35
\ex@=\dimen283
))
(c:/texlive/2024/texmf-dist/tex/latex/amsmath/amsbsy.sty
Package: amsbsy 1999/11/29 v1.2d Bold Symbols
\pmbraise@=\dimen284
)
(c:/texlive/2024/texmf-dist/tex/latex/amsmath/amsopn.sty
Package: amsopn 2022/04/08 v2.04 operator names
)
\inf@bad=\count324
LaTeX Info: Redefining \frac on input line 234.
\uproot@=\count325
\leftroot@=\count326
LaTeX Info: Redefining \overline on input line 399.
LaTeX Info: Redefining \colon on input line 410.
\classnum@=\count327
\DOTSCASE@=\count328
LaTeX Info: Redefining \ldots on input line 496.
LaTeX Info: Redefining \dots on input line 499.
LaTeX Info: Redefining \cdots on input line 620.
\Mathstrutbox@=\box75
\strutbox@=\box76
LaTeX Info: Redefining \big on input line 722.
LaTeX Info: Redefining \Big on input line 723.
LaTeX Info: Redefining \bigg on input line 724.
LaTeX Info: Redefining \Bigg on input line 725.
\big@size=\dimen285
LaTeX Font Info:    Redeclaring font encoding OML on input line 743.
LaTeX Font Info:    Redeclaring font encoding OMS on input line 744.
\macc@depth=\count329
LaTeX Info: Redefining \bmod on input line 905.
LaTeX Info: Redefining \pmod on input line 910.
LaTeX Info: Redefining \smash on input line 940.
LaTeX Info: Redefining \relbar on input line 970.
LaTeX Info: Redefining \Relbar on input line 971.
\c@MaxMatrixCols=\count330
\dotsspace@=\muskip17
\c@parentequation=\count331
\dspbrk@lvl=\count332
\tag@help=\toks36
\row@=\count333
\column@=\count334
\maxfields@=\count335
\andhelp@=\toks37
\eqnshift@=\dimen286
\alignsep@=\dimen287
\tagshift@=\dimen288
\tagwidth@=\dimen289
\totwidth@=\dimen290
\lineht@=\dimen291
\@envbody=\toks38
\multlinegap=\skip60
\multlinetaggap=\skip61
\mathdisplay@stack=\toks39
LaTeX Info: Redefining \[ on input line 2953.
LaTeX Info: Redefining \] on input line 2954.
)
(c:/texlive/2024/texmf-dist/tex/latex/amscls/amsthm.sty
Package: amsthm 2020/05/29 v2.20.6
\thm@style=\toks40
\thm@bodyfont=\toks41
\thm@headfont=\toks42
\thm@notefont=\toks43
\thm@headpunct=\toks44
\thm@preskip=\skip62
\thm@postskip=\skip63
\thm@headsep=\skip64
\dth@everypar=\toks45
)
\c@theorem=\count336
)
(c:/texlive/2024/texmf-dist/tex/latex/beamer/beamerbasethemes.sty))
(c:/texlive/2024/texmf-dist/tex/latex/beamer/beamerthemedefault.sty
(c:/texlive/2024/texmf-dist/tex/latex/beamer/beamerfontthemedefault.sty)
(c:/texlive/2024/texmf-dist/tex/latex/beamer/beamercolorthemedefault.sty)
(c:/texlive/2024/texmf-dist/tex/latex/beamer/beamerinnerthemedefault.sty
\beamer@dima=\dimen292
\beamer@dimb=\dimen293
)
(c:/texlive/2024/texmf-dist/tex/latex/beamer/beamerouterthemedefault.sty)))
(c:/texlive/2024/texmf-dist/tex/generic/babel/babel.sty
Package: babel 2024/04/20 v24.4 The Babel package
\babel@savecnt=\count337
\U@D=\dimen294
\l@unhyphenated=\language89

(c:/texlive/2024/texmf-dist/tex/generic/babel/xebabel.def)
\bbl@readstream=\read3
LaTeX Info: Redefining \textlatin on input line 3930.
\bbl@dirlevel=\count338

(c:/texlive/2024/texmf-dist/tex/generic/babel-english/english.ldf
Language: english 2017/06/06 v3.3r English support from the babel system
Package babel Info: Hyphen rules for 'canadian' set to \l@english
(babel)             (\language0). Reported on input line 102.
Package babel Info: Hyphen rules for 'australian' set to \l@ukenglish
(babel)             (\language23). Reported on input line 105.
Package babel Info: Hyphen rules for 'newzealand' set to \l@ukenglish
(babel)             (\language23). Reported on input line 108.
))
(c:/texlive/2024/texmf-dist/tex/generic/babel/locale/en/babel-english.tex
Package babel Info: Importing font and identification data for english
(babel)             from babel-en.ini. Reported on input line 11.
)
(./config/presento.sty
Package: config/presento 

(c:/texlive/2024/texmf-dist/tex/latex/fontspec/fontspec.sty
(c:/texlive/2024/texmf-dist/tex/latex/l3packages/xparse/xparse.sty
(c:/texlive/2024/texmf-dist/tex/latex/l3kernel/expl3.sty
Package: expl3 2024-04-11 L3 programming layer (loader) 

(c:/texlive/2024/texmf-dist/tex/latex/l3backend/l3backend-xetex.def
File: l3backend-xetex.def 2024-04-11 L3 backend support: XeTeX
\g__graphics_track_int=\count339
\l__pdf_internal_box=\box77
\g__pdf_backend_annotation_int=\count340
\g__pdf_backend_link_int=\count341
))
Package: xparse 2024-03-14 L3 Experimental document command parser
)
Package: fontspec 2024/05/07 v2.9d Font selection for XeLaTeX and LuaLaTeX

(c:/texlive/2024/texmf-dist/tex/latex/fontspec/fontspec-xetex.sty
Package: fontspec-xetex 2024/05/07 v2.9d Font selection for XeLaTeX and LuaLaTe
X
\l__fontspec_script_int=\count342
\l__fontspec_language_int=\count343
\l__fontspec_strnum_int=\count344
\l__fontspec_tmp_int=\count345
\l__fontspec_tmpa_int=\count346
\l__fontspec_tmpb_int=\count347
\l__fontspec_tmpc_int=\count348
\l__fontspec_em_int=\count349
\l__fontspec_emdef_int=\count350
\l__fontspec_strong_int=\count351
\l__fontspec_strongdef_int=\count352
\l__fontspec_tmpa_dim=\dimen295
\l__fontspec_tmpb_dim=\dimen296
\l__fontspec_tmpc_dim=\dimen297

(c:/texlive/2024/texmf-dist/tex/latex/base/fontenc.sty
Package: fontenc 2021/04/29 v2.0v Standard LaTeX package
)
(c:/texlive/2024/texmf-dist/tex/latex/fontspec/fontspec.cfg)))
(c:/texlive/2024/texmf-dist/tex/latex/setspace/setspace.sty
Package: setspace 2022/12/04 v6.7b set line spacing
)
(c:/texlive/2024/texmf-dist/tex/latex/pgf/frontendlayer/tikz.sty
(c:/texlive/2024/texmf-dist/tex/latex/pgf/basiclayer/pgf.sty
Package: pgf 2023-01-15 v3.1.10 (3.1.10)

(c:/texlive/2024/texmf-dist/tex/generic/pgf/modules/pgfmoduleshapes.code.tex
File: pgfmoduleshapes.code.tex 2023-01-15 v3.1.10 (3.1.10)
\pgfnodeparttextbox=\box78
)
(c:/texlive/2024/texmf-dist/tex/generic/pgf/modules/pgfmoduleplot.code.tex
File: pgfmoduleplot.code.tex 2023-01-15 v3.1.10 (3.1.10)
)
(c:/texlive/2024/texmf-dist/tex/latex/pgf/compatibility/pgfcomp-version-0-65.st
y
Package: pgfcomp-version-0-65 2023-01-15 v3.1.10 (3.1.10)
\pgf@nodesepstart=\dimen298
\pgf@nodesepend=\dimen299
)
(c:/texlive/2024/texmf-dist/tex/latex/pgf/compatibility/pgfcomp-version-1-18.st
y
Package: pgfcomp-version-1-18 2023-01-15 v3.1.10 (3.1.10)
)) (c:/texlive/2024/texmf-dist/tex/latex/pgf/utilities/pgffor.sty
(c:/texlive/2024/texmf-dist/tex/generic/pgf/utilities/pgffor.code.tex
Package: pgffor 2023-01-15 v3.1.10 (3.1.10)
\pgffor@iter=\dimen300
\pgffor@skip=\dimen301
\pgffor@stack=\toks46
\pgffor@toks=\toks47
))
(c:/texlive/2024/texmf-dist/tex/generic/pgf/frontendlayer/tikz/tikz.code.tex
Package: tikz 2023-01-15 v3.1.10 (3.1.10)

(c:/texlive/2024/texmf-dist/tex/generic/pgf/libraries/pgflibraryplothandlers.co
de.tex
File: pgflibraryplothandlers.code.tex 2023-01-15 v3.1.10 (3.1.10)
\pgf@plot@mark@count=\count353
\pgfplotmarksize=\dimen302
)
\tikz@lastx=\dimen303
\tikz@lasty=\dimen304
\tikz@lastxsaved=\dimen305
\tikz@lastysaved=\dimen306
\tikz@lastmovetox=\dimen307
\tikz@lastmovetoy=\dimen308
\tikzleveldistance=\dimen309
\tikzsiblingdistance=\dimen310
\tikz@figbox=\box79
\tikz@figbox@bg=\box80
\tikz@tempbox=\box81
\tikz@tempbox@bg=\box82
\tikztreelevel=\count354
\tikznumberofchildren=\count355
\tikznumberofcurrentchild=\count356
\tikz@fig@count=\count357

(c:/texlive/2024/texmf-dist/tex/generic/pgf/modules/pgfmodulematrix.code.tex
File: pgfmodulematrix.code.tex 2023-01-15 v3.1.10 (3.1.10)
\pgfmatrixcurrentrow=\count358
\pgfmatrixcurrentcolumn=\count359
\pgf@matrix@numberofcolumns=\count360
)
\tikz@expandcount=\count361

(c:/texlive/2024/texmf-dist/tex/generic/pgf/frontendlayer/tikz/libraries/tikzli
brarytopaths.code.tex
File: tikzlibrarytopaths.code.tex 2023-01-15 v3.1.10 (3.1.10)
)))

Package fontspec Info: 
(fontspec)             Font family 'Montserrat-Regular(0)' created for font
(fontspec)             'Montserrat-Regular' with options
(fontspec)             [Path=fonts/,BoldFont=Montserrat-Bold].
(fontspec)              
(fontspec)              This font family consists of the following NFSS
(fontspec)             series/shapes:
(fontspec)              
(fontspec)             - 'normal' (m/n) with NFSS spec.:
(fontspec)             <->"[fonts/Montserrat-Regular]/OT:script=latn;language=d
flt;"
(fontspec)             - 'small caps'  (m/sc) with NFSS spec.: 
(fontspec)             - 'bold' (b/n) with NFSS spec.:
(fontspec)             <->"[fonts/Montserrat-Bold]/OT:script=latn;language=dflt
;"
(fontspec)             - 'bold small caps'  (b/sc) with NFSS spec.: 


Package fontspec Info: 
(fontspec)             Font family 'NotoSans-Regular(0)' created for font
(fontspec)             'NotoSans-Regular' with options
(fontspec)             [Path=fonts/,BoldFont=NotoSans-Bold,ItalicFont=NotoSans-
Italic,BoldItalicFont=NotoSans-BoldItalic,SmallCapsFont=AlegreyaSansSC-Regular]
.
(fontspec)              
(fontspec)              This font family consists of the following NFSS
(fontspec)             series/shapes:
(fontspec)              
(fontspec)             - 'normal' (m/n) with NFSS spec.:
(fontspec)             <->"[fonts/NotoSans-Regular]/OT:script=latn;language=dfl
t;"
(fontspec)             - 'small caps'  (m/sc) with NFSS spec.:
(fontspec)             <->"[fonts/AlegreyaSansSC-Regular]/OT:script=latn;langua
ge=dflt;"
(fontspec)             - 'bold' (b/n) with NFSS spec.:
(fontspec)             <->"[fonts/NotoSans-Bold]/OT:script=latn;language=dflt;"

(fontspec)             - 'bold small caps'  (b/sc) with NFSS spec.:
(fontspec)             <->"[fonts/AlegreyaSansSC-Regular]/OT:script=latn;langua
ge=dflt;"
(fontspec)             - 'italic' (m/it) with NFSS spec.:
(fontspec)             <->"[fonts/NotoSans-Italic]/OT:script=latn;language=dflt
;"
(fontspec)             - 'italic small caps'  (m/scit) with NFSS spec.:
(fontspec)             <->"[fonts/AlegreyaSansSC-Regular]/OT:script=latn;langua
ge=dflt;"
(fontspec)             - 'bold italic' (b/it) with NFSS spec.:
(fontspec)             <->"[fonts/NotoSans-BoldItalic]/OT:script=latn;language=
dflt;"
(fontspec)             - 'bold italic small caps'  (b/scit) with NFSS spec.:
(fontspec)             <->"[fonts/AlegreyaSansSC-Regular]/OT:script=latn;langua
ge=dflt;"


Package fontspec Info: 
(fontspec)             Font family 'Lato-Lig(0)' created for font 'Lato-Lig'
(fontspec)             with options [Path=fonts/].
(fontspec)              
(fontspec)              This font family consists of the following NFSS
(fontspec)             series/shapes:
(fontspec)              
(fontspec)             - 'normal' (m/n) with NFSS spec.:
(fontspec)             <->"[fonts/Lato-Lig]/OT:script=latn;language=dflt;"
(fontspec)             - 'small caps'  (m/sc) with NFSS spec.: 


(c:/texlive/2024/texmf-dist/tex/latex/inconsolata/inconsolata.fontspec)
(c:/texlive/2024/texmf-dist/tex/latex/inconsolata/inconsolata.fontspec)
(c:/texlive/2024/texmf-dist/tex/latex/inconsolata/inconsolata.fontspec)

Package fontspec Info: 
(fontspec)             Font family 'Inconsolata(0)' created for font
(fontspec)             'Inconsolata' with options [Path=fonts/].
(fontspec)              
(fontspec)              This font family consists of the following NFSS
(fontspec)             series/shapes:
(fontspec)              
(fontspec)             - 'normal' (m/n) with NFSS spec.:
(fontspec)             <->"[fonts/Inconsolata]/OT:language=dflt;"
(fontspec)             - 'small caps'  (m/sc) with NFSS spec.: 


Package fontspec Info: 
(fontspec)             Font family 'NotoSans-Regular(1)' created for font
(fontspec)             'NotoSans-Regular' with options
(fontspec)             [Ligatures=TeX,Ligatures=TeX,Path=fonts/,BoldFont=NotoSa
ns-Bold,ItalicFont=NotoSans-Italic,BoldItalicFont=NotoSans-BoldItalic,SmallCaps
Font=AlegreyaSansSC-Regular].
(fontspec)              
(fontspec)              This font family consists of the following NFSS
(fontspec)             series/shapes:
(fontspec)              
(fontspec)             - 'normal' (m/n) with NFSS spec.:
(fontspec)             <->"[fonts/NotoSans-Regular]/OT:script=latn;language=dfl
t;mapping=tex-text;"
(fontspec)             - 'small caps'  (m/sc) with NFSS spec.:
(fontspec)             <->"[fonts/AlegreyaSansSC-Regular]/OT:script=latn;langua
ge=dflt;mapping=tex-text;"
(fontspec)             - 'bold' (b/n) with NFSS spec.:
(fontspec)             <->"[fonts/NotoSans-Bold]/OT:script=latn;language=dflt;m
apping=tex-text;"
(fontspec)             - 'bold small caps'  (b/sc) with NFSS spec.:
(fontspec)             <->"[fonts/AlegreyaSansSC-Regular]/OT:script=latn;langua
ge=dflt;mapping=tex-text;"
(fontspec)             - 'italic' (m/it) with NFSS spec.:
(fontspec)             <->"[fonts/NotoSans-Italic]/OT:script=latn;language=dflt
;mapping=tex-text;"
(fontspec)             - 'italic small caps'  (m/scit) with NFSS spec.:
(fontspec)             <->"[fonts/AlegreyaSansSC-Regular]/OT:script=latn;langua
ge=dflt;mapping=tex-text;"
(fontspec)             - 'bold italic' (b/it) with NFSS spec.:
(fontspec)             <->"[fonts/NotoSans-BoldItalic]/OT:script=latn;language=
dflt;mapping=tex-text;"
(fontspec)             - 'bold italic small caps'  (b/scit) with NFSS spec.:
(fontspec)             <->"[fonts/AlegreyaSansSC-Regular]/OT:script=latn;langua
ge=dflt;mapping=tex-text;"


(c:/texlive/2024/texmf-dist/tex/latex/inconsolata/inconsolata.fontspec)
(c:/texlive/2024/texmf-dist/tex/latex/inconsolata/inconsolata.fontspec)
(c:/texlive/2024/texmf-dist/tex/latex/inconsolata/inconsolata.fontspec)

Package fontspec Info: 
(fontspec)             Font family 'Inconsolata(1)' created for font
(fontspec)             'Inconsolata' with options
(fontspec)             [WordSpace={1,0,0},HyphenChar=None,PunctuationSpace=Word
Space,Ligatures=TeX,Path=fonts/,SmallCapsFont=AlegreyaSansSC-Regular].
(fontspec)              
(fontspec)              This font family consists of the following NFSS
(fontspec)             series/shapes:
(fontspec)              
(fontspec)             - 'normal' (m/n) with NFSS spec.:
(fontspec)             <->"[fonts/Inconsolata]/OT:language=dflt;mapping=tex-tex
t;"
(fontspec)             - 'small caps'  (m/sc) with NFSS spec.:
(fontspec)             <->"[fonts/AlegreyaSansSC-Regular]/OT:language=dflt;mapp
ing=tex-text;"
(fontspec)             and font adjustment code:
(fontspec)             \fontdimen 2\font =1\fontdimen 2\font \fontdimen 3\font
(fontspec)             =0\fontdimen 3\font \fontdimen 4\font =0\fontdimen
(fontspec)             4\font \fontdimen 7\font =0\fontdimen 2\font
(fontspec)             \tex_hyphenchar:D \font =-1\scan_stop: 

\c@totalfr=\count362
)
(c:/texlive/2024/texmf-dist/tex/latex/ctex/ctex.sty
Package: ctex 2022/07/14 v2.5.10 Chinese adapter in LaTeX (CTEX)

(c:/texlive/2024/texmf-dist/tex/latex/ctex/ctexhook.sty
Package: ctexhook 2022/07/14 v2.5.10 Document and package hooks (CTEX)
)
(c:/texlive/2024/texmf-dist/tex/latex/ctex/ctexpatch.sty
Package: ctexpatch 2022/07/14 v2.5.10 Patching commands (CTEX)
)
(c:/texlive/2024/texmf-dist/tex/latex/base/fix-cm.sty
Package: fix-cm 2020/11/24 v1.1t fixes to LaTeX

(c:/texlive/2024/texmf-dist/tex/latex/base/ts1enc.def
File: ts1enc.def 2001/06/05 v3.0e (jk/car/fm) Standard LaTeX file
LaTeX Font Info:    Redeclaring font encoding TS1 on input line 47.
))
\l__ctex_tmp_int=\count363
\l__ctex_tmp_box=\box83
\l__ctex_tmp_dim=\dimen311
\g__ctex_section_depth_int=\count364
\g__ctex_font_size_int=\count365

(c:/texlive/2024/texmf-dist/tex/latex/ctex/config/ctexopts.cfg
File: ctexopts.cfg 2022/07/14 v2.5.10 Option configuration file (CTEX)
)
(c:/texlive/2024/texmf-dist/tex/latex/ctex/engine/ctex-engine-xetex.def
File: ctex-engine-xetex.def 2022/07/14 v2.5.10 XeLaTeX adapter (CTEX)

(c:/texlive/2024/texmf-dist/tex/xelatex/xecjk/xeCJK.sty
Package: xeCJK 2022/08/05 v3.9.1 Typesetting CJK scripts with XeLaTeX

(c:/texlive/2024/texmf-dist/tex/latex/l3packages/xtemplate/xtemplate.sty
(c:/texlive/2024/texmf-dist/tex/latex/l3packages/xtemplate/xtemplate-2023-10-10
.sty
Package: xtemplate 2023-10-10 L3 Experimental prototype document functions
\l__xtemplate_tmp_dim=\dimen312
\l__xtemplate_tmp_int=\count366
\l__xtemplate_tmp_muskip=\muskip18
\l__xtemplate_tmp_skip=\skip65
))
\l__xeCJK_tmp_int=\count367
\l__xeCJK_tmp_box=\box84
\l__xeCJK_tmp_dim=\dimen313
\l__xeCJK_tmp_skip=\skip66
\g__xeCJK_space_factor_int=\count368
\l__xeCJK_begin_int=\count369
\l__xeCJK_end_int=\count370
\c__xeCJK_CJK_class_int=\XeTeXcharclass4
\c__xeCJK_FullLeft_class_int=\XeTeXcharclass5
\c__xeCJK_FullRight_class_int=\XeTeXcharclass6
\c__xeCJK_HalfLeft_class_int=\XeTeXcharclass7
\c__xeCJK_HalfRight_class_int=\XeTeXcharclass8
\c__xeCJK_NormalSpace_class_int=\XeTeXcharclass9
\c__xeCJK_CM_class_int=\XeTeXcharclass10
\c__xeCJK_HangulJamo_class_int=\XeTeXcharclass11
\l__xeCJK_last_skip=\skip67
\c__xeCJK_none_node=\count371
\g__xeCJK_node_int=\count372
\c__xeCJK_CJK_node_dim=\dimen314
\c__xeCJK_CJK-space_node_dim=\dimen315
\c__xeCJK_default_node_dim=\dimen316
\c__xeCJK_CJK-widow_node_dim=\dimen317
\c__xeCJK_normalspace_node_dim=\dimen318
\c__xeCJK_default-space_node_skip=\skip68
\l__xeCJK_ccglue_skip=\skip69
\l__xeCJK_ecglue_skip=\skip70
\l__xeCJK_punct_kern_skip=\skip71
\l__xeCJK_indent_box=\box85
\l__xeCJK_last_penalty_int=\count373
\l__xeCJK_last_bound_dim=\dimen319
\l__xeCJK_last_kern_dim=\dimen320
\l__xeCJK_widow_penalty_int=\count374

Package xtemplate Info: Declaring object type 'xeCJK/punctuation' taking 0
(xtemplate)             argument(s) on line 2396.

\l__xeCJK_fixed_punct_width_dim=\dimen321
\l__xeCJK_mixed_punct_width_dim=\dimen322
\l__xeCJK_middle_punct_width_dim=\dimen323
\l__xeCJK_fixed_margin_width_dim=\dimen324
\l__xeCJK_mixed_margin_width_dim=\dimen325
\l__xeCJK_middle_margin_width_dim=\dimen326
\l__xeCJK_bound_punct_width_dim=\dimen327
\l__xeCJK_bound_margin_width_dim=\dimen328
\l__xeCJK_margin_minimum_dim=\dimen329
\l__xeCJK_kerning_total_width_dim=\dimen330
\l__xeCJK_same_align_margin_dim=\dimen331
\l__xeCJK_different_align_margin_dim=\dimen332
\l__xeCJK_kerning_margin_width_dim=\dimen333
\l__xeCJK_kerning_margin_minimum_dim=\dimen334
\l__xeCJK_bound_dim=\dimen335
\l__xeCJK_reverse_bound_dim=\dimen336
\l__xeCJK_margin_dim=\dimen337
\l__xeCJK_minimum_bound_dim=\dimen338
\l__xeCJK_kerning_margin_dim=\dimen339
\g__xeCJK_family_int=\count375
\l__xeCJK_fam_int=\count376
\g__xeCJK_fam_allocation_int=\count377
\l__xeCJK_verb_case_int=\count378
\l__xeCJK_verb_exspace_skip=\skip72
 (c:/texlive/2024/texmf-dist/tex/xelatex/xecjk/xeCJK.cfg
File: xeCJK.cfg 2022/08/05 v3.9.1 Configuration file for xeCJK package
))
\ccwd=\dimen340
\l__ctex_ccglue_skip=\skip73
)
\l__ctex_ziju_dim=\dimen341

(c:/texlive/2024/texmf-dist/tex/latex/zhnumber/zhnumber.sty
Package: zhnumber 2022/07/14 v3.0 Typesetting numbers with Chinese glyphs
\l__zhnum_scale_int=\count379
\l__zhnum_tmp_int=\count380

(c:/texlive/2024/texmf-dist/tex/latex/zhnumber/zhnumber-utf8.cfg
File: zhnumber-utf8.cfg 2022/07/14 v3.0 Chinese numerals with UTF8 encoding
))
(c:/texlive/2024/texmf-dist/tex/latex/ctex/scheme/ctex-scheme-chinese.def
File: ctex-scheme-chinese.def 2022/07/14 v2.5.10 Chinese scheme for generic (CT
EX)

(c:/texlive/2024/texmf-dist/tex/latex/ctex/config/ctex-name-utf8.cfg
File: ctex-name-utf8.cfg 2022/07/14 v2.5.10 Caption with encoding UTF-8 (CTEX)
)))
(c:/texlive/2024/texmf-dist/tex/latex/ctex/config/ctex.cfg
File: ctex.cfg 2022/07/14 v2.5.10 Configuration file (CTEX)
)
(c:/texlive/2024/texmf-dist/tex/latex/ctex/fontset/ctex-fontset-fandol.def
File: ctex-fontset-fandol.def 2022/07/14 v2.5.10 Fandol fonts definition (CTEX)



Package fontspec Warning: 
(fontspec)                Script 'CJK' not explicitly supported within font
(fontspec)                'FandolSong-Regular'. Check the typeset output, and
(fontspec)                if it is okay then ignore this warning. Otherwise a
(fontspec)                different font should be chosen.


Package fontspec Info: 
(fontspec)             Font family 'FandolSong-Regular(0)' created for font
(fontspec)             'FandolSong-Regular' with options
(fontspec)             [Script={CJK},Extension={.otf},BoldFont={FandolSong-Bold
},ItalicFont={FandolKai-Regular}].
(fontspec)              
(fontspec)              This font family consists of the following NFSS
(fontspec)             series/shapes:
(fontspec)              
(fontspec)             - 'normal' (m/n) with NFSS spec.:
(fontspec)             <->"[FandolSong-Regular.otf]/OT:script=hani;language=dfl
t;"
(fontspec)             - 'small caps'  (m/sc) with NFSS spec.: 
(fontspec)             - 'bold' (b/n) with NFSS spec.:
(fontspec)             <->"[FandolSong-Bold.otf]/OT:script=hani;language=dflt;"

(fontspec)             - 'bold small caps'  (b/sc) with NFSS spec.: 
(fontspec)             - 'italic' (m/it) with NFSS spec.:
(fontspec)             <->"[FandolKai-Regular.otf]/OT:script=hani;language=dflt
;"
(fontspec)             - 'italic small caps'  (m/scit) with NFSS spec.: 

) (./config/custom-command.tex
(c:/texlive/2024/texmf-dist/tex/latex/textpos/textpos.sty
Package: textpos 2022/07/23 v1.10.1
Package textpos Info: choosing support for LaTeX3 on input line 60.
\TP@textbox=\box86
\TPHorizModule=\dimen342
\TPVertModule=\dimen343
\TP@margin=\dimen344
\TP@absmargin=\dimen345

Grid set 16 x 16 = 28.45274pt x 16.00467pt
\TPboxrulesize=\dimen346
\TP@tbargs=\toks48
)) (c:/texlive/2024/texmf-dist/tex/generic/expex/expex.sty
Package: expex 5/1/2017 v5.1b LaTex wrapper for expex.tex (JF)

(c:/texlive/2024/texmf-dist/tex/latex/xkeyval/xkeyval.sty
Package: xkeyval 2022/06/16 v2.9 package option processing (HA)

(c:/texlive/2024/texmf-dist/tex/generic/xkeyval/xkeyval.tex
(c:/texlive/2024/texmf-dist/tex/generic/xkeyval/xkvutils.tex
\XKV@toks=\toks49
\XKV@tempa@toks=\toks50
)
\XKV@depth=\count381
File: xkeyval.tex 2014/12/03 v2.7a key=value parser (HA)
))
(c:/texlive/2024/texmf-dist/tex/generic/expex/expex.tex
File: expex.tex 5/25/2017 v5.1b ExPex linguistics example formatter (JF)
\ep@dima=\dimen347
\ep@dimb=\dimen348
\ep@dimc=\dimen349
\ep@cnta=\count382
\epc@b=\count383
\excnt=\count384
\numbox=\box87
\epd@numright=\dimen350
\pexcnt=\count385
\epd@labelleft=\dimen351
\epd@labelright=\dimen352
\epd@textleft=\dimen353
\epd@preambleleft=\dimen354
\epd@sampleexnowidth=\dimen355
\ep@everylabel=\toks51
\exnobox=\box88
\ling@tagsfile=\write5
\ling@tagsin=\read4
\glstrutbox=\box89
\ep@cascadeindent=\dimen356
\ep@hangindentamount=\dimen357
\ep@cascadecount=\count386
\gltoks@a=\toks52
\gltoks@b=\toks53
\glw@maxht=\dimen358
\glw@maxdp=\dimen359
\@itemtype=\count387
\gl@maxdplast=\dimen360
\gltoks@sofar=\toks54
\gltoks@every=\toks55
\gltoks@next=\toks56
\debug@glword=\box90
\@glaparsestate=\count388
\glwcascade@pshapeindent=\dimen361
\glwcascade@pshapelinewd=\dimen362
\ssleftwd=\dimen363
\ssrightwd=\dimen364
))
(c:/texlive/2024/texmf-dist/tex/latex/leipzig/leipzig.sty
Package: leipzig 2019/10/19 v2.3 Leipzig package for linguistic abbreviations

(c:/texlive/2024/texmf-dist/tex/latex/glossaries/base/glossaries.sty
Package: glossaries 2024/04/03 v4.54 (NLCT)

(c:/texlive/2024/texmf-dist/tex/latex/base/ifthen.sty
Package: ifthen 2022/04/13 v1.1d Standard LaTeX ifthen package (DPC)
)
(c:/texlive/2024/texmf-dist/tex/latex/mfirstuc/mfirstuc.sty
Package: mfirstuc 2022/10/14 v2.08 (NLCT)
\@glsmfirst=\toks57
\@glsmrest=\toks58
)
(c:/texlive/2024/texmf-dist/tex/latex/xfor/xfor.sty
Package: xfor 2009/02/05 v1.05 (NLCT)
)
(c:/texlive/2024/texmf-dist/tex/latex/datatool/datatool-base.sty
Package: datatool-base 2019/09/27 v2.32 (NLCT)

(c:/texlive/2024/texmf-dist/tex/latex/substr/substr.sty
Package: substr 2009/10/20 v1.2 Handle substrings
\c@su@anzahl=\count389
)
(c:/texlive/2024/texmf-dist/tex/latex/datatool/datatool-fp.sty
Package: datatool-fp 2019/09/27 v2.32 (NLCT)

(c:/texlive/2024/texmf-dist/tex/latex/fp/fp.sty
Package: fp 1995/04/02

`Fixed Point Package', Version 0.8, April 2, 1995 (C) Michael Mehlich
(c:/texlive/2024/texmf-dist/tex/latex/fp/defpattern.sty
Package: defpattern 1994/10/12
\actioncount=\count390
)
(c:/texlive/2024/texmf-dist/tex/latex/fp/fp-basic.sty
Package: fp-basic 1996/05/13
\FP@xs=\count391
\FP@xia=\count392
\FP@xib=\count393
\FP@xfa=\count394
\FP@xfb=\count395
\FP@rega=\count396
\FP@regb=\count397
\FP@regs=\count398
\FP@times=\count399
)
(c:/texlive/2024/texmf-dist/tex/latex/fp/fp-addons.sty
Package: fp-addons 1995/03/15
)
(c:/texlive/2024/texmf-dist/tex/latex/fp/fp-snap.sty
Package: fp-snap 1995/04/05
)
(c:/texlive/2024/texmf-dist/tex/latex/fp/fp-exp.sty
Package: fp-exp 1995/04/03
)
(c:/texlive/2024/texmf-dist/tex/latex/fp/fp-trigo.sty
Package: fp-trigo 1995/04/14
)
(c:/texlive/2024/texmf-dist/tex/latex/fp/fp-pas.sty
Package: fp-pas 1994/08/29
)
(c:/texlive/2024/texmf-dist/tex/latex/fp/fp-random.sty
Package: fp-random 1995/02/23
\FPseed=\count400
)
(c:/texlive/2024/texmf-dist/tex/latex/fp/fp-eqn.sty
Package: fp-eqn 1995/04/03
)
(c:/texlive/2024/texmf-dist/tex/latex/fp/fp-upn.sty
Package: fp-upn 1996/10/21
)
(c:/texlive/2024/texmf-dist/tex/latex/fp/fp-eval.sty
Package: fp-eval 1995/04/03
)))
\@dtl@toks=\toks59
\@dtl@tmpcount=\count401
\dtl@tmplength=\skip74
\dtl@sortresult=\count402
\@dtl@numgrpsepcount=\count403
\@dtl@datatype=\count404
\dtl@codeA=\count405
\dtl@codeB=\count406
\@dtl@foreach@level=\count407
)
(c:/texlive/2024/texmf-dist/tex/latex/tracklang/tracklang.sty
Package: tracklang 2022/12/13 v1.6.1 (NLCT) Track Languages

(c:/texlive/2024/texmf-dist/tex/generic/tracklang/tracklang.tex))
(c:/texlive/2024/texmf-dist/tex/latex/glossaries-english/glossaries-english.ldf
File: glossaries-english.ldf 2014/11/23 v1.0
)
\gls@level=\count408
\@gls@tmpb=\toks60
\gls@tmplen=\skip75
\glskeylisttok=\toks61
\glslabeltok=\toks62
\glsshorttok=\toks63
\glslongtok=\toks64
 (c:/texlive/2024/texmf-dist/tex/latex/glossaries/styles/glossary-hypernav.sty
Package: glossary-hypernav 2024/04/03 v4.54 (NLCT)
) (c:/texlive/2024/texmf-dist/tex/latex/glossaries/styles/glossary-list.sty
Package: glossary-list 2024/04/03 v4.54 (NLCT)
\glslistdottedwidth=\skip76
)
(c:/texlive/2024/texmf-dist/tex/latex/glossaries/styles/glossary-long.sty
Package: glossary-long 2024/04/03 v4.54 (NLCT)

(c:/texlive/2024/texmf-dist/tex/latex/tools/longtable.sty
Package: longtable 2023-11-01 v4.19 Multi-page Table package (DPC)
\LTleft=\skip77
\LTright=\skip78
\LTpre=\skip79
\LTpost=\skip80
\LTchunksize=\count409
\LTcapwidth=\dimen365
\LT@head=\box91
\LT@firsthead=\box92
\LT@foot=\box93
\LT@lastfoot=\box94
\LT@gbox=\box95
\LT@cols=\count410
\LT@rows=\count411
\c@LT@tables=\count412
\c@LT@chunks=\count413
\LT@p@ftn=\toks65
)
\glsdescwidth=\skip81
\glspagelistwidth=\skip82
)
(c:/texlive/2024/texmf-dist/tex/latex/glossaries/styles/glossary-super.sty
Package: glossary-super 2024/04/03 v4.54 (NLCT)

(c:/texlive/2024/texmf-dist/tex/latex/supertabular/supertabular.sty
Package: supertabular 2020/02/02 v4.1g the supertabular environment
\c@tracingst=\count414
\ST@wd=\dimen366
\ST@rightskip=\skip83
\ST@leftskip=\skip84
\ST@parfillskip=\skip85
\ST@pageleft=\dimen367
\ST@headht=\dimen368
\ST@tailht=\dimen369
\ST@pagesofar=\dimen370
\ST@pboxht=\dimen371
\ST@lineht=\dimen372
\ST@prevht=\dimen373
\ST@toadd=\dimen374
\ST@dimen=\dimen375
\ST@pbox=\box96
))
(c:/texlive/2024/texmf-dist/tex/latex/glossaries/styles/glossary-tree.sty
Package: glossary-tree 2024/04/03 v4.54 (NLCT)
\glstreeindent=\skip86
))
(c:/texlive/2024/texmf-dist/tex/latex/glossaries/styles/glossary-mcols.sty
Package: glossary-mcols 2024/04/03 v4.54 (NLCT)

(c:/texlive/2024/texmf-dist/tex/latex/tools/multicol.sty
Package: multicol 2023/03/30 v1.9f multicolumn formatting (FMi)
\c@tracingmulticols=\count415
\mult@box=\box97
\multicol@leftmargin=\dimen376
\c@unbalance=\count416
\c@collectmore=\count417
\doublecol@number=\count418
\multicoltolerance=\count419
\multicolpretolerance=\count420
\full@width=\dimen377
\page@free=\dimen378
\premulticols=\dimen379
\postmulticols=\dimen380
\multicolsep=\skip87
\multicolbaselineskip=\skip88
\partial@page=\box98
\last@line=\box99
\mc@boxedresult=\box100
\maxbalancingoverflow=\dimen381
\mult@rightbox=\box101
\mult@grightbox=\box102
\mult@firstbox=\box103
\mult@gfirstbox=\box104
\@tempa=\box105
\@tempa=\box106
\@tempa=\box107
\@tempa=\box108
\@tempa=\box109
\@tempa=\box110
\@tempa=\box111
\@tempa=\box112
\@tempa=\box113
\@tempa=\box114
\@tempa=\box115
\@tempa=\box116
\@tempa=\box117
\@tempa=\box118
\@tempa=\box119
\@tempa=\box120
\@tempa=\box121
\@tempa=\box122
\@tempa=\box123
\@tempa=\box124
\@tempa=\box125
\@tempa=\box126
\@tempa=\box127
\@tempa=\box128
\@tempa=\box129
\@tempa=\box130
\@tempa=\box131
\@tempa=\box132
\@tempa=\box133
\@tempa=\box134
\@tempa=\box135
\@tempa=\box136
\@tempa=\box137
\@tempa=\box138
\@tempa=\box139
\@tempa=\box140
\c@minrows=\count421
\c@columnbadness=\count422
\c@finalcolumnbadness=\count423
\last@try=\dimen382
\multicolovershoot=\dimen383
\multicolundershoot=\dimen384
\mult@nat@firstbox=\box141
\colbreak@box=\box142
\mc@col@check@num=\count424
))
(c:/texlive/2024/texmf-dist/tex/latex/glossaries/styles/glossary-inline.sty
Package: glossary-inline 2024/04/03 v4.54 (NLCT)
)
(c:/texlive/2024/texmf-dist/tex/latex/leipzig/leipzig.tex)) (./glosses.tex)
(c:/texlive/2024/texmf-dist/tex/latex/mathastext/mathastext.sty
Package: mathastext 2023/12/29 v1.3zb Use the text font in math mode (JFB)

Package mathastext Info: Starting the math mode configuration.
\mst@exists@muskip=\muskip19
\mst@forall@muskip=\muskip20
\mst@prime@muskip=\muskip21
\mst@do@nonletters=\toks66
\mst@do@easynonletters=\toks67
\mst@do@az=\toks68
\mst@do@AZ=\toks69
\symmtoperatorfont=\mathgroup6
\symmtletterfont=\mathgroup7
\symmtgreekup=\mathgroup8
\symmtgreekit=\mathgroup9
(   mathastext:   ) ! and ?
(   mathastext:   ) punctuation: , . : ; and \colon
LaTeX Info: Redefining \rightarrowfill on input line 897.
LaTeX Info: Redefining \leftarrowfill on input line 902.
(   mathastext:   ) + and =
(   mathastext:   ) adding = ; and + to \nfss@catcodes
(   mathastext:   ) parentheses ( ) [ ] and slash /
(   mathastext:   ) alldelims: < > \backslash \setminus | \vert \mid \{ \}
LaTeX Font Info:    Redeclaring math delimiter \backslash on input line 1039.
LaTeX Font Info:    Redeclaring math symbol \setminus on input line 1051.
LaTeX Info: Redefining \models on input line 1060.
(   mathastext:   ) \# \mathdollar \% \& 
(   mathastext:   ) \imath and \jmath 
LaTeX Font Info:    Overwriting math alphabet `\Mathnormalbold' in version `nor
mal'
(Font)                  TU/NotoSans-Regular(1)/b/n --> TU/NotoSans-Regular(1)/b
/n on input line 2516.
LaTeX Font Info:    Overwriting math alphabet `\Mathnormalbold' in version `bol
d'
(Font)                  TU/NotoSans-Regular(1)/b/n --> TU/NotoSans-Regular(1)/b
/n on input line 2516.
LaTeX Font Info:    Overwriting symbol font `mtletterfont' in version `normal'
(Font)                  TU/NotoSans-Regular(1)/m/n --> TU/NotoSans-Regular(1)/m
/n on input line 2516.
LaTeX Font Info:    Overwriting symbol font `mtletterfont' in version `bold'
(Font)                  TU/NotoSans-Regular(1)/m/n --> TU/NotoSans-Regular(1)/b
/n on input line 2516.
LaTeX Font Info:    Overwriting symbol font `mtoperatorfont' in version `normal
'
(Font)                  TU/NotoSans-Regular(1)/m/n --> TU/NotoSans-Regular(1)/m
/n on input line 2516.
LaTeX Font Info:    Overwriting symbol font `mtoperatorfont' in version `bold'
(Font)                  TU/NotoSans-Regular(1)/m/n --> TU/NotoSans-Regular(1)/b
/n on input line 2516.
LaTeX Font Info:    Overwriting math alphabet `\Mathbf' in version `normal'
(Font)                  TU/NotoSans-Regular(1)/b/n --> TU/NotoSans-Regular(1)/b
/n on input line 2516.
LaTeX Font Info:    Overwriting math alphabet `\Mathbf' in version `bold'
(Font)                  TU/NotoSans-Regular(1)/b/n --> TU/NotoSans-Regular(1)/b
/n on input line 2516.
LaTeX Font Info:    Overwriting math alphabet `\Mathit' in version `normal'
(Font)                  TU/NotoSans-Regular(1)/m/it --> TU/NotoSans-Regular(1)/
m/it on input line 2516.
LaTeX Font Info:    Overwriting math alphabet `\Mathit' in version `bold'
(Font)                  TU/NotoSans-Regular(1)/m/it --> TU/NotoSans-Regular(1)/
b/it on input line 2516.
LaTeX Font Info:    Overwriting math alphabet `\Mathsf' in version `normal'
(Font)                  TU/NotoSans-Regular(1)/m/n --> TU/NotoSans-Regular(1)/m
/n on input line 2516.
LaTeX Font Info:    Overwriting math alphabet `\Mathsf' in version `bold'
(Font)                  TU/NotoSans-Regular(1)/m/n --> TU/NotoSans-Regular(1)/b
/n on input line 2516.
LaTeX Font Info:    Overwriting math alphabet `\Mathtt' in version `normal'
(Font)                  TU/Inconsolata(1)/m/n --> TU/Inconsolata(1)/m/n on inpu
t line 2516.
LaTeX Font Info:    Overwriting math alphabet `\Mathtt' in version `bold'
(Font)                  TU/Inconsolata(1)/m/n --> TU/Inconsolata(1)/b/n on inpu
t line 2516.
LaTeX Font Info:    Overwriting symbol font `mtgreekup' in version `normal'
(Font)                  LGR/NotoSans-Regular(1)/m/n --> LGR/NotoSans-Regular(1)
/m/n on input line 2516.
LaTeX Font Info:    Overwriting symbol font `mtgreekup' in version `bold'
(Font)                  LGR/NotoSans-Regular(1)/m/n --> LGR/NotoSans-Regular(1)
/b/n on input line 2516.
LaTeX Font Info:    Overwriting symbol font `mtgreekit' in version `normal'
(Font)                  LGR/NotoSans-Regular(1)/m/it --> LGR/NotoSans-Regular(1
)/m/it on input line 2516.
LaTeX Font Info:    Overwriting symbol font `mtgreekit' in version `bold'
(Font)                  LGR/NotoSans-Regular(1)/m/it --> LGR/NotoSans-Regular(1
)/b/it on input line 2516.
LaTeX Font Info:    Overwriting math alphabet `\mathgreekupbold' in version `no
rmal'
(Font)                  LGR/NotoSans-Regular(1)/b/n --> LGR/NotoSans-Regular(1)
/b/n on input line 2516.
LaTeX Font Info:    Overwriting math alphabet `\mathgreekupbold' in version `bo
ld'
(Font)                  LGR/NotoSans-Regular(1)/b/n --> LGR/NotoSans-Regular(1)
/b/n on input line 2516.
LaTeX Font Info:    Overwriting math alphabet `\mathgreekitbold' in version `no
rmal'
(Font)                  LGR/NotoSans-Regular(1)/b/it --> LGR/NotoSans-Regular(1
)/b/it on input line 2516.
LaTeX Font Info:    Overwriting math alphabet `\mathgreekitbold' in version `bo
ld'
(Font)                  LGR/NotoSans-Regular(1)/b/it --> LGR/NotoSans-Regular(1
)/b/it on input line 2516.
(   mathastext:   ) Latin letters in the `normal', resp. `bold',
(   mathastext:   ) math versions are now set up to use the fonts
(   mathastext:   ) TU/NotoSans-Regular(1)/m/n, resp. TU/NotoSans-Regular(1)/b/
n.
(   mathastext:   ) Greek letters (upper: `n', lower: `n') will use font
(   mathastext:   ) family `NotoSans-Regular(1)' (LGR).
(   mathastext:   ) Other characters (digits, ...) and \log-like names will be
(   mathastext:   ) typeset with the n shape.
(   mathastext:   ) \hbar
(   mathastext:   ) minus as endash
(   mathastext:   ) \Huge and \HUGE have been (re)-defined.
(   mathastext:   ) mathastext has declared larger sizes for subscripts.
(   mathastext:   ) To keep LaTeX defaults, use option `defaultmathsizes'.

Package mathastext Info: Loading is complete.  You can now use \Mathastext to
(mathastext)             modify the normal and bold math versions.  Use it
(mathastext)             with optional argument or use \MTDeclareVersion to
(mathastext)             declare additional math versions.
)
(c:/texlive/2024/texmf-dist/tex/latex/booktabs/booktabs.sty
Package: booktabs 2020/01/12 v1.61803398 Publication quality tables
\heavyrulewidth=\dimen385
\lightrulewidth=\dimen386
\cmidrulewidth=\dimen387
\belowrulesep=\dimen388
\belowbottomsep=\dimen389
\aboverulesep=\dimen390
\abovetopsep=\dimen391
\cmidrulesep=\dimen392
\cmidrulekern=\dimen393
\defaultaddspace=\dimen394
\@cmidla=\count425
\@cmidlb=\count426
\@aboverulesep=\dimen395
\@belowrulesep=\dimen396
\@thisruleclass=\count427
\@lastruleclass=\count428
\@thisrulewidth=\dimen397
)
(c:/texlive/2024/texmf-dist/tex/latex/multirow/multirow.sty
Package: multirow 2021/03/15 v2.8 Span multiple rows of a table
\multirow@colwidth=\skip89
\multirow@cntb=\count429
\multirow@dima=\skip90
\bigstrutjot=\dimen398
)
(c:/texlive/2024/texmf-dist/tex/latex/biblatex/biblatex.sty
Package: biblatex 2024/03/21 v3.20 programmable bibliographies (PK/MW)

(c:/texlive/2024/texmf-dist/tex/latex/logreq/logreq.sty
Package: logreq 2010/08/04 v1.0 xml request logger
\lrq@indent=\count430

(c:/texlive/2024/texmf-dist/tex/latex/logreq/logreq.def
File: logreq.def 2010/08/04 v1.0 logreq spec v1.0
))
\c@tabx@nest=\count431
\c@listtotal=\count432
\c@listcount=\count433
\c@liststart=\count434
\c@liststop=\count435
\c@citecount=\count436
\c@citetotal=\count437
\c@multicitecount=\count438
\c@multicitetotal=\count439
\c@instcount=\count440
\c@maxnames=\count441
\c@minnames=\count442
\c@maxitems=\count443
\c@minitems=\count444
\c@citecounter=\count445
\c@maxcitecounter=\count446
\c@savedcitecounter=\count447
\c@uniquelist=\count448
\c@uniquename=\count449
\c@refsection=\count450
\c@refsegment=\count451
\c@maxextratitle=\count452
\c@maxextratitleyear=\count453
\c@maxextraname=\count454
\c@maxextradate=\count455
\c@maxextraalpha=\count456
\c@abbrvpenalty=\count457
\c@highnamepenalty=\count458
\c@lownamepenalty=\count459
\c@maxparens=\count460
\c@parenlevel=\count461
\blx@tempcnta=\count462
\blx@tempcntb=\count463
\blx@tempcntc=\count464
\c@blx@maxsection=\count465
\blx@maxsegment@0=\count466
\blx@notetype=\count467
\blx@parenlevel@text=\count468
\blx@parenlevel@foot=\count469
\blx@sectionciteorder@0=\count470
\blx@sectionciteorderinternal@0=\count471
\blx@entrysetcounter=\count472
\blx@biblioinstance=\count473
\labelnumberwidth=\skip91
\labelalphawidth=\skip92
\biblabelsep=\skip93
\bibitemsep=\skip94
\bibnamesep=\skip95
\bibinitsep=\skip96
\bibparsep=\skip97
\bibhang=\skip98
\blx@bcfin=\read5
\blx@bcfout=\write6
\blx@langwohyphens=\language90
\c@mincomprange=\count474
\c@maxcomprange=\count475
\c@mincompwidth=\count476
Package biblatex Info: Trying to load biblatex default data model...
Package biblatex Info: ... file 'blx-dm.def' found.

(c:/texlive/2024/texmf-dist/tex/latex/biblatex/blx-dm.def
File: blx-dm.def 2024/03/21 v3.20 biblatex datamodel (PK/MW)
)
Package biblatex Info: Trying to load biblatex citestyle data model...
Package biblatex Info: ... file 'authoryear.dbx' not found.
Package biblatex Info: Trying to load biblatex custom data model...
Package biblatex Info: ... file 'biblatex-dm.cfg' not found.
\c@afterword=\count477
\c@savedafterword=\count478
\c@annotator=\count479
\c@savedannotator=\count480
\c@author=\count481
\c@savedauthor=\count482
\c@bookauthor=\count483
\c@savedbookauthor=\count484
\c@commentator=\count485
\c@savedcommentator=\count486
\c@editor=\count487
\c@savededitor=\count488
\c@editora=\count489
\c@savededitora=\count490
\c@editorb=\count491
\c@savededitorb=\count492
\c@editorc=\count493
\c@savededitorc=\count494
\c@foreword=\count495
\c@savedforeword=\count496
\c@holder=\count497
\c@savedholder=\count498
\c@introduction=\count499
\c@savedintroduction=\count500
\c@namea=\count501
\c@savednamea=\count502
\c@nameb=\count503
\c@savednameb=\count504
\c@namec=\count505
\c@savednamec=\count506
\c@translator=\count507
\c@savedtranslator=\count508
\c@shortauthor=\count509
\c@savedshortauthor=\count510
\c@shorteditor=\count511
\c@savedshorteditor=\count512
\c@labelname=\count513
\c@savedlabelname=\count514
\c@institution=\count515
\c@savedinstitution=\count516
\c@lista=\count517
\c@savedlista=\count518
\c@listb=\count519
\c@savedlistb=\count520
\c@listc=\count521
\c@savedlistc=\count522
\c@listd=\count523
\c@savedlistd=\count524
\c@liste=\count525
\c@savedliste=\count526
\c@listf=\count527
\c@savedlistf=\count528
\c@location=\count529
\c@savedlocation=\count530
\c@organization=\count531
\c@savedorganization=\count532
\c@origlocation=\count533
\c@savedoriglocation=\count534
\c@origpublisher=\count535
\c@savedorigpublisher=\count536
\c@publisher=\count537
\c@savedpublisher=\count538
\c@language=\count539
\c@savedlanguage=\count540
\c@origlanguage=\count541
\c@savedoriglanguage=\count542
\c@pageref=\count543
\c@savedpageref=\count544
\shorthandwidth=\skip99
\shortjournalwidth=\skip100
\shortserieswidth=\skip101
\shorttitlewidth=\skip102
\shortauthorwidth=\skip103
\shorteditorwidth=\skip104
\locallabelnumberwidth=\skip105
\locallabelalphawidth=\skip106
\localshorthandwidth=\skip107
\localshortjournalwidth=\skip108
\localshortserieswidth=\skip109
\localshorttitlewidth=\skip110
\localshortauthorwidth=\skip111
\localshorteditorwidth=\skip112
Package biblatex Info: Trying to load enhanced support for Unicode engines...
Package biblatex Info: ... file 'blx-unicode.def' found.

(c:/texlive/2024/texmf-dist/tex/latex/biblatex/blx-unicode.def)
Package biblatex Info: Trying to load compatibility code...
Package biblatex Info: ... file 'blx-compat.def' found.

(c:/texlive/2024/texmf-dist/tex/latex/biblatex/blx-compat.def
File: blx-compat.def 2024/03/21 v3.20 biblatex compatibility (PK/MW)
)
Package biblatex Info: Trying to load generic definitions...
Package biblatex Info: ... file 'biblatex.def' found.

(c:/texlive/2024/texmf-dist/tex/latex/biblatex/biblatex.def
File: biblatex.def 2024/03/21 v3.20 biblatex compatibility (PK/MW)
\c@textcitecount=\count545
\c@textcitetotal=\count546
\c@textcitemaxnames=\count547
\c@biburlbigbreakpenalty=\count548
\c@biburlbreakpenalty=\count549
\c@biburlnumpenalty=\count550
\c@biburlucpenalty=\count551
\c@biburllcpenalty=\count552
\biburlbigskip=\muskip22
\biburlnumskip=\muskip23
\biburlucskip=\muskip24
\biburllcskip=\muskip25
\c@smartand=\count553
)
Package biblatex Info: Trying to load natbib compatibility...
Package biblatex Info: ... file 'blx-natbib.def' found.

(c:/texlive/2024/texmf-dist/tex/latex/biblatex/blx-natbib.def
File: blx-natbib.def 2024/03/21 v3.20 biblatex compatibility (PK/MW)
Package biblatex Info: Delimiter 'nameyeardelim' in context '' already defined,
 overwriting.
)
Package biblatex Info: Trying to load bibliography style 'numeric'...
Package biblatex Info: ... file 'numeric.bbx' found.

(c:/texlive/2024/texmf-dist/tex/latex/biblatex/bbx/numeric.bbx
File: numeric.bbx 2024/03/21 v3.20 biblatex bibliography style (PK/MW)
Package biblatex Info: Trying to load bibliography style 'standard'...
Package biblatex Info: ... file 'standard.bbx' found.

(c:/texlive/2024/texmf-dist/tex/latex/biblatex/bbx/standard.bbx
File: standard.bbx 2024/03/21 v3.20 biblatex bibliography style (PK/MW)
\c@bbx:relatedcount=\count554
\c@bbx:relatedtotal=\count555
))
Package biblatex Info: Trying to load citation style 'authoryear'...
Package biblatex Info: ... file 'authoryear.cbx' found.

(c:/texlive/2024/texmf-dist/tex/latex/biblatex/cbx/authoryear.cbx
File: authoryear.cbx 2024/03/21 v3.20 biblatex citation style (PK/MW)
Package biblatex Info: Redefining '\cite'.
Package biblatex Info: Redefining '\parencite'.
Package biblatex Info: Redefining '\footcite'.
Package biblatex Info: Redefining '\footcitetext'.
Package biblatex Info: Redefining '\smartcite'.
Package biblatex Info: Redefining '\textcite'.
Package biblatex Info: Redefining '\textcites'.
)
Package biblatex Info: Trying to load configuration file...
Package biblatex Info: ... file 'biblatex.cfg' found.

(c:/texlive/2024/texmf-dist/tex/latex/biblatex/biblatex.cfg
File: biblatex.cfg 
)
Package biblatex Info: XeTeX detected.
(biblatex)             Assuming input encoding 'utf8'.
Package biblatex Info: Document encoding is UTF8 ....
Package biblatex Info: ... and expl3
(biblatex)             2024-04-11 L3 programming layer (loader) 
(biblatex)             is new enough (at least 2020/04/06),
(biblatex)             setting 'casechanger=expl3'.

(c:/texlive/2024/texmf-dist/tex/latex/biblatex/blx-case-expl3.sty
Package: blx-case-expl3 2024/03/21 v3.20 expl3 case changing code for biblatex
))
(c:/texlive/2024/texmf-dist/tex/generic/dirtree/dirtree.sty
Package: dirtree 2012/12/11 v0.32 package wrapper for dirtree

(c:/texlive/2024/texmf-dist/tex/generic/dirtree/dirtree.tex
`dirtree' v0.32, 2012/12/11 (jcc)
\DT@offset=\dimen399
\DT@width=\dimen400
\DT@sep=\dimen401
\DT@all=\dimen402
\DT@rulewidth=\dimen403
\DT@dotwidth=\dimen404
\DTbaselineskip=\dimen405
\DT@counti=\count556
\DT@countii=\count557
\DT@countiii=\count558
\DT@countiv=\count559
\DT@indent=\dimen406
\DT@parskip=\dimen407
\DT@baselineskip=\dimen408
)
File: dirtree.tex 2012/12/11 v0.32 `dirtree' (jcc)
)
\glswrite=\write7
\glo@main@file=\write8
\openout8 = `presento.glo'.

Package glossaries Info: Writing glossary file presento.glo on input line 42.

(c:/texlive/2024/texmf-dist/tex/latex/psnfss/pifont.sty
Package: pifont 2020/03/25 PSNFSS-v9.3 Pi font support (SPQR) 
LaTeX Font Info:    Trying to load font information for U+pzd on input line 63.


(c:/texlive/2024/texmf-dist/tex/latex/psnfss/upzd.fd
File: upzd.fd 2001/06/04 font definitions for U/pzd.
)
LaTeX Font Info:    Trying to load font information for U+psy on input line 64.


(c:/texlive/2024/texmf-dist/tex/latex/psnfss/upsy.fd
File: upsy.fd 2001/06/04 font definitions for U/psy.
))

Package fontspec Warning: 
(fontspec)                Script 'CJK' not explicitly supported within font
(fontspec)                'FandolHei-Regular'. Check the typeset output, and
(fontspec)                if it is okay then ignore this warning. Otherwise a
(fontspec)                different font should be chosen.


Package fontspec Info: 
(fontspec)             Font family 'FandolHei-Regular(0)' created for font
(fontspec)             'FandolHei-Regular' with options
(fontspec)             [Ligatures=TeX,Mapping=tex-text,Script={CJK},Extension={
.otf},BoldFont={FandolHei-Bold}].
(fontspec)              
(fontspec)              This font family consists of the following NFSS
(fontspec)             series/shapes:
(fontspec)              
(fontspec)             - 'normal' (m/n) with NFSS spec.:
(fontspec)             <->"[FandolHei-Regular.otf]/OT:script=hani;language=dflt
;mapping=tex-text;"
(fontspec)             - 'small caps'  (m/sc) with NFSS spec.: 
(fontspec)             - 'bold' (b/n) with NFSS spec.:
(fontspec)             <->"[FandolHei-Bold.otf]/OT:script=hani;language=dflt;ma
pping=tex-text;"
(fontspec)             - 'bold small caps'  (b/sc) with NFSS spec.: 


Package biblatex Warning: 'babel/polyglossia' detected but 'csquotes' missing.
(biblatex)                Loading 'csquotes' recommended.

\@quotelevel=\count560
\@quotereset=\count561
(./presento.aux)
\openout1 = `presento.aux'.

LaTeX Font Info:    Checking defaults for OML/cmm/m/it on input line 61.
LaTeX Font Info:    ... okay on input line 61.
LaTeX Font Info:    Checking defaults for OMS/cmsy/m/n on input line 61.
LaTeX Font Info:    ... okay on input line 61.
LaTeX Font Info:    Checking defaults for OT1/cmr/m/n on input line 61.
LaTeX Font Info:    ... okay on input line 61.
LaTeX Font Info:    Checking defaults for T1/cmr/m/n on input line 61.
LaTeX Font Info:    ... okay on input line 61.
LaTeX Font Info:    Checking defaults for TS1/cmr/m/n on input line 61.
LaTeX Font Info:    ... okay on input line 61.
LaTeX Font Info:    Checking defaults for TU/lmr/m/n on input line 61.
LaTeX Font Info:    ... okay on input line 61.
LaTeX Font Info:    Checking defaults for OMX/cmex/m/n on input line 61.
LaTeX Font Info:    ... okay on input line 61.
LaTeX Font Info:    Checking defaults for U/cmr/m/n on input line 61.
LaTeX Font Info:    ... okay on input line 61.
LaTeX Font Info:    Checking defaults for PD1/pdf/m/n on input line 61.
LaTeX Font Info:    ... okay on input line 61.
LaTeX Font Info:    Checking defaults for PU/pdf/m/n on input line 61.
LaTeX Font Info:    ... okay on input line 61.
LaTeX Font Info:    Checking defaults for LGR/lmr/m/n on input line 61.
LaTeX Font Info:    Trying to load font information for LGR+lmr on input line 6
1.
 (c:/texlive/2024/texmf-dist/tex/latex/cbfonts-fd/lgrlmr.fd
File: lgrlmr.fd 2017/07/29 v1.2 Scalable Greek Latin Modern Regular
)
LaTeX Font Info:    ... okay on input line 61.

*geometry* driver: auto-detecting
*geometry* detected driver: xetex
*geometry* verbose mode - [ preamble ] result:
* driver: xetex
* paper: custom
* layout: <same size as paper>
* layoutoffset:(h,v)=(0.0pt,0.0pt)
* modes: includehead includefoot 
* h-part:(L,W,R)=(28.45274pt, 398.3386pt, 28.45274pt)
* v-part:(T,H,B)=(0.0pt, 256.0748pt, 0.0pt)
* \paperwidth=455.24408pt
* \paperheight=256.0748pt
* \textwidth=398.3386pt
* \textheight=227.62207pt
* \oddsidemargin=-43.81725pt
* \evensidemargin=-43.81725pt
* \topmargin=-72.26999pt
* \headheight=14.22636pt
* \headsep=0.0pt
* \topskip=12.0pt
* \footskip=14.22636pt
* \marginparwidth=4.0pt
* \marginparsep=10.0pt
* \columnsep=10.0pt
* \skip\footins=10.8pt plus 4.0pt minus 2.0pt
* \hoffset=0.0pt
* \voffset=0.0pt
* \mag=1000
* \@twocolumnfalse
* \@twosidefalse
* \@mparswitchfalse
* \@reversemarginfalse
* (1in=72.27pt=25.4mm, 1cm=28.453pt)

Package hyperref Info: Link coloring OFF on input line 61.
(./presento.out) (./presento.out)
\@outlinefile=\write9
\openout9 = `presento.out'.

LaTeX Font Info:    Overwriting symbol font `operators' in version `normal'
(Font)                  OT1/cmr/m/n --> OT1/cmss/m/n on input line 61.
LaTeX Font Info:    Overwriting symbol font `operators' in version `bold'
(Font)                  OT1/cmr/bx/n --> OT1/cmss/b/n on input line 61.
\symnumbers=\mathgroup10
\sympureletters=\mathgroup11
LaTeX Font Info:    Overwriting math alphabet `\mathrm' in version `normal'
(Font)                  OT1/cmss/m/n --> TU/NotoSans-Regular(1)/m/n on input li
ne 61.
LaTeX Font Info:    Redeclaring math alphabet \mathbf on input line 61.
LaTeX Font Info:    Overwriting math alphabet `\mathbf' in version `normal'
(Font)                  OT1/cmr/bx/n --> TU/NotoSans-Regular(1)/b/n on input li
ne 61.
LaTeX Font Info:    Overwriting math alphabet `\mathbf' in version `bold'
(Font)                  OT1/cmr/bx/n --> TU/NotoSans-Regular(1)/b/n on input li
ne 61.
LaTeX Font Info:    Redeclaring math alphabet \mathsf on input line 61.
LaTeX Font Info:    Overwriting math alphabet `\mathsf' in version `normal'
(Font)                  OT1/cmss/m/n --> TU/NotoSans-Regular(1)/m/n on input li
ne 61.
LaTeX Font Info:    Overwriting math alphabet `\mathsf' in version `bold'
(Font)                  OT1/cmss/bx/n --> TU/NotoSans-Regular(1)/m/n on input l
ine 61.
LaTeX Font Info:    Redeclaring math alphabet \mathit on input line 61.
LaTeX Font Info:    Overwriting math alphabet `\mathit' in version `normal'
(Font)                  OT1/cmr/m/it --> TU/NotoSans-Regular(1)/m/it on input l
ine 61.
LaTeX Font Info:    Overwriting math alphabet `\mathit' in version `bold'
(Font)                  OT1/cmr/bx/it --> TU/NotoSans-Regular(1)/m/it on input 
line 61.
LaTeX Font Info:    Redeclaring math alphabet \mathtt on input line 61.
LaTeX Font Info:    Overwriting math alphabet `\mathtt' in version `normal'
(Font)                  OT1/cmtt/m/n --> TU/Inconsolata(1)/m/n on input line 61
.
LaTeX Font Info:    Overwriting math alphabet `\mathtt' in version `bold'
(Font)                  OT1/cmtt/m/n --> TU/Inconsolata(1)/m/n on input line 61
.
LaTeX Font Info:    Overwriting symbol font `numbers' in version `bold'
(Font)                  TU/NotoSans-Regular(1)/m/n --> TU/NotoSans-Regular(1)/b
/n on input line 61.
LaTeX Font Info:    Overwriting symbol font `pureletters' in version `bold'
(Font)                  TU/NotoSans-Regular(1)/m/it --> TU/NotoSans-Regular(1)/
b/it on input line 61.
LaTeX Font Info:    Overwriting math alphabet `\mathrm' in version `bold'
(Font)                  OT1/cmss/b/n --> TU/NotoSans-Regular(1)/b/n on input li
ne 61.
LaTeX Font Info:    Overwriting math alphabet `\mathbf' in version `bold'
(Font)                  TU/NotoSans-Regular(1)/b/n --> TU/NotoSans-Regular(1)/b
/n on input line 61.
LaTeX Font Info:    Overwriting math alphabet `\mathsf' in version `bold'
(Font)                  TU/NotoSans-Regular(1)/m/n --> TU/NotoSans-Regular(1)/b
/n on input line 61.
LaTeX Font Info:    Overwriting math alphabet `\mathit' in version `bold'
(Font)                  TU/NotoSans-Regular(1)/m/it --> TU/NotoSans-Regular(1)/
b/it on input line 61.
LaTeX Font Info:    Overwriting math alphabet `\mathtt' in version `bold'
(Font)                  TU/Inconsolata(1)/m/n --> TU/Inconsolata(1)/b/n on inpu
t line 61.

(c:/texlive/2024/texmf-dist/tex/latex/translator/translator-basic-dictionary-En
glish.dict
Dictionary: translator-basic-dictionary, Language: English 
)
(c:/texlive/2024/texmf-dist/tex/latex/translator/translator-bibliography-dictio
nary-English.dict
Dictionary: translator-bibliography-dictionary, Language: English 
)
(c:/texlive/2024/texmf-dist/tex/latex/translator/translator-environment-diction
ary-English.dict
Dictionary: translator-environment-dictionary, Language: English 
)
(c:/texlive/2024/texmf-dist/tex/latex/translator/translator-months-dictionary-E
nglish.dict
Dictionary: translator-months-dictionary, Language: English 
)
(c:/texlive/2024/texmf-dist/tex/latex/translator/translator-numbers-dictionary-
English.dict
Dictionary: translator-numbers-dictionary, Language: English 
)
(c:/texlive/2024/texmf-dist/tex/latex/translator/translator-theorem-dictionary-
English.dict
Dictionary: translator-theorem-dictionary, Language: English 
)
(c:/texlive/2024/texmf-dist/tex/latex/ctex/dictionary/translator-theorem-dictio
nary-ChineseUTF8.dict
Dictionary: translator-theorem-dictionary, Language: ChineseUTF8 2022/07/14 v2.
5.10 Chinese translation for theorem name (CTEX)
)

Package fontspec Info: 
(fontspec)             Adjusting the maths setup (use [no-math] to avoid
(fontspec)             this).

\symlegacymaths=\mathgroup12
LaTeX Font Info:    Overwriting symbol font `legacymaths' in version `bold'
(Font)                  OT1/cmr/m/n --> OT1/cmr/bx/n on input line 61.
LaTeX Font Info:    Redeclaring math accent \acute on input line 61.
LaTeX Font Info:    Redeclaring math accent \grave on input line 61.
LaTeX Font Info:    Redeclaring math accent \ddot on input line 61.
LaTeX Font Info:    Redeclaring math accent \tilde on input line 61.
LaTeX Font Info:    Redeclaring math accent \bar on input line 61.
LaTeX Font Info:    Redeclaring math accent \breve on input line 61.
LaTeX Font Info:    Redeclaring math accent \check on input line 61.
LaTeX Font Info:    Redeclaring math accent \hat on input line 61.
LaTeX Font Info:    Redeclaring math accent \dot on input line 61.
LaTeX Font Info:    Redeclaring math accent \mathring on input line 61.
LaTeX Font Info:    Redeclaring math symbol \Gamma on input line 61.
LaTeX Font Info:    Redeclaring math symbol \Delta on input line 61.
LaTeX Font Info:    Redeclaring math symbol \Theta on input line 61.
LaTeX Font Info:    Redeclaring math symbol \Lambda on input line 61.
LaTeX Font Info:    Redeclaring math symbol \Xi on input line 61.
LaTeX Font Info:    Redeclaring math symbol \Pi on input line 61.
LaTeX Font Info:    Redeclaring math symbol \Sigma on input line 61.
LaTeX Font Info:    Redeclaring math symbol \Upsilon on input line 61.
LaTeX Font Info:    Redeclaring math symbol \Phi on input line 61.
LaTeX Font Info:    Redeclaring math symbol \Psi on input line 61.
LaTeX Font Info:    Redeclaring math symbol \Omega on input line 61.
LaTeX Font Info:    Redeclaring math symbol \mathdollar on input line 61.
LaTeX Font Info:    Redeclaring symbol font `operators' on input line 61.
LaTeX Font Info:    Encoding `OT1' has changed to `TU' for symbol font
(Font)              `operators' in the math version `normal' on input line 61.
LaTeX Font Info:    Overwriting symbol font `operators' in version `normal'
(Font)                  OT1/cmss/m/n --> TU/NotoSans-Regular(1)/m/n on input li
ne 61.
LaTeX Font Info:    Encoding `OT1' has changed to `TU' for symbol font
(Font)              `operators' in the math version `bold' on input line 61.
LaTeX Font Info:    Overwriting symbol font `operators' in version `bold'
(Font)                  OT1/cmss/b/n --> TU/NotoSans-Regular(1)/m/n on input li
ne 61.
LaTeX Font Info:    Overwriting symbol font `operators' in version `normal'
(Font)                  TU/NotoSans-Regular(1)/m/n --> TU/NotoSans-Regular(1)/m
/n on input line 61.
LaTeX Font Info:    Redeclaring math alphabet \mathrm on input line 61.
LaTeX Font Info:    Overwriting math alphabet `\mathit' in version `normal'
(Font)                  TU/NotoSans-Regular(1)/m/it --> TU/NotoSans-Regular(1)/
m/it on input line 61.
LaTeX Font Info:    Overwriting math alphabet `\mathbf' in version `normal'
(Font)                  TU/NotoSans-Regular(1)/b/n --> TU/NotoSans-Regular(1)/b
/n on input line 61.
LaTeX Font Info:    Overwriting math alphabet `\mathsf' in version `normal'
(Font)                  TU/NotoSans-Regular(1)/m/n --> TU/NotoSans-Regular(1)/m
/n on input line 61.
LaTeX Font Info:    Overwriting math alphabet `\mathtt' in version `normal'
(Font)                  TU/Inconsolata(1)/m/n --> TU/Inconsolata(1)/m/n on inpu
t line 61.
LaTeX Font Info:    Overwriting symbol font `operators' in version `bold'
(Font)                  TU/NotoSans-Regular(1)/m/n --> TU/NotoSans-Regular(1)/b
/n on input line 61.
LaTeX Font Info:    Overwriting math alphabet `\mathit' in version `bold'
(Font)                  TU/NotoSans-Regular(1)/b/it --> TU/NotoSans-Regular(1)/
b/it on input line 61.
LaTeX Font Info:    Overwriting math alphabet `\mathsf' in version `bold'
(Font)                  TU/NotoSans-Regular(1)/b/n --> TU/NotoSans-Regular(1)/b
/n on input line 61.
LaTeX Font Info:    Overwriting math alphabet `\mathtt' in version `bold'
(Font)                  TU/Inconsolata(1)/b/n --> TU/Inconsolata(1)/b/n on inpu
t line 61.
Package biblatex Info: Trying to load language 'english'...
Package biblatex Info: ... file 'english.lbx' found.

(c:/texlive/2024/texmf-dist/tex/latex/biblatex/lbx/english.lbx
File: english.lbx 2024/03/21 v3.20 biblatex localization (PK/MW)
)
Package biblatex Info: XeTeX detected.
(biblatex)             Assuming input encoding 'utf8'.
Package biblatex Info: Data encoding 'utf8' specified.
(biblatex)             No need to reencode data.
\openout6 = `presento.bcf'.

Package biblatex Info: Trying to load bibliographic data...
Package biblatex Info: ... file 'presento.bbl' found.
 (./presento.bbl)
Package biblatex Info: Reference section=0 on input line 61.
Package biblatex Info: Reference segment=0 on input line 61.
 (./presento.nav)
LaTeX Font Info:    Trying to load font information for U+msa on input line 61.

 (c:/texlive/2024/texmf-dist/tex/latex/amsfonts/umsa.fd
File: umsa.fd 2013/01/14 v3.01 AMS symbols A
)
LaTeX Font Info:    Trying to load font information for U+msb on input line 61.


(c:/texlive/2024/texmf-dist/tex/latex/amsfonts/umsb.fd
File: umsb.fd 2013/01/14 v3.01 AMS symbols B
)
LaTeX Font Info:    Trying to load font information for LGR+NotoSans-Regular(1)
 on input line 61.
LaTeX Font Info:    No file LGRNotoSans-Regular(1).fd. on input line 61.


LaTeX Font Warning: Font shape `LGR/NotoSans-Regular(1)/m/n' undefined
(Font)              using `LGR/lmr/m/n' instead on input line 61.


LaTeX Font Warning: Font shape `LGR/NotoSans-Regular(1)/m/it' undefined
(Font)              using `LGR/NotoSans-Regular(1)/m/n' instead on input line 6
1.

[1

\openout7 = `presento.ist'.

]
Overfull \hbox (1.61269pt too wide) has occurred while \output is active
[]$[]$ $[]$ $[]$[][] 
 []

[2

]
Overfull \hbox (1.61269pt too wide) has occurred while \output is active
[]$[]$ $[]$ $[]$[][] 
 []

[3

]
Overfull \hbox (1.61269pt too wide) has occurred while \output is active
[]$[]$ $[]$ $[]$[][] 
 []

[4

]
Overfull \vbox (8.21768pt too high) detected at line 137
 []


Overfull \hbox (1.61269pt too wide) has occurred while \output is active
[]$[]$ $[]$ $[]$[][] 
 []

[5

]
Overfull \vbox (8.66585pt too high) detected at line 157
 []


Overfull \hbox (1.61269pt too wide) has occurred while \output is active
[]$[]$ $[]$ $[]$[][] 
 []

[6

]
Overfull \vbox (8.66585pt too high) detected at line 157
 []


Overfull \hbox (1.61269pt too wide) has occurred while \output is active
[]$[]$ $[]$ $[]$[][] 
 []

[7

]
Overfull \vbox (8.66585pt too high) detected at line 157
 []


Overfull \hbox (1.61269pt too wide) has occurred while \output is active
[]$[]$ $[]$ $[]$[][] 
 []

[8

]
Overfull \hbox (1.61269pt too wide) has occurred while \output is active
[]$[]$ $[]$ $[]$[][] 
 []

[9

]
Overfull \hbox (1.61269pt too wide) has occurred while \output is active
[]$[]$ $[]$ $[]$[][] 
 []

[10

]
Overfull \hbox (1.61269pt too wide) has occurred while \output is active
[]$[]$ $[]$ $[]$[][] 
 []

[11

]
Overfull \hbox (1.61269pt too wide) has occurred while \output is active
[]$[]$ $[]$ $[]$[][] 
 []

[12

]
Overfull \hbox (1.61269pt too wide) has occurred while \output is active
[]$[]$ $[]$ $[]$[][] 
 []

[13

]
Package biblatex Info: Delimiter 'nameyeardelim' in context '' already defined,
 overwriting on input line 220.
Package biblatex Info: Delimiter 'nameyeardelim' in context '' already defined,
 overwriting on input line 220.

Overfull \hbox (1.61269pt too wide) has occurred while \output is active
[]$[]$ $[]$ $[]$[][] 
 []

[14

]
Package biblatex Info: Delimiter 'nameyeardelim' in context '' already defined,
 overwriting on input line 220.
Package biblatex Info: Delimiter 'nameyeardelim' in context '' already defined,
 overwriting on input line 220.

Overfull \hbox (1.61269pt too wide) has occurred while \output is active
[]$[]$ $[]$ $[]$[][] 
 []

[15

]
Package biblatex Info: Delimiter 'nameyeardelim' in context '' already defined,
 overwriting on input line 220.
Package biblatex Info: Delimiter 'nameyeardelim' in context '' already defined,
 overwriting on input line 220.

Overfull \hbox (1.61269pt too wide) has occurred while \output is active
[]$[]$ $[]$ $[]$[][] 
 []

[16

]
Overfull \hbox (1.61269pt too wide) has occurred while \output is active
[]$[]$ $[]$ $[]$[][] 
 []

[17

]
Overfull \hbox (1.61269pt too wide) has occurred while \output is active
[]$[]$ $[]$ $[]$[][] 
 []

[18

]
Overfull \vbox (0.64577pt too high) detected at line 256
 []


Overfull \hbox (1.61269pt too wide) has occurred while \output is active
[]$[]$ $[]$ $[]$[][] 
 []

[19

]
Underfull \hbox (badness 10000) in paragraph at lines 281--281
[]\TU/NotoSans-Regular(1)/m/n/10 C-marker
 []


Underfull \hbox (badness 10000) in paragraph at lines 281--281
\TU/NotoSans-Regular(1)/m/n/10 without
 []


Underfull \hbox (badness 10000) in paragraph at lines 281--281
\TU/NotoSans-Regular(1)/m/n/10 unmarked
 []


Underfull \hbox (badness 10000) in paragraph at lines 281--281
\TU/NotoSans-Regular(1)/m/n/10 unmarked
 []


Overfull \hbox (1.61269pt too wide) has occurred while \output is active
[]$[]$ $[]$ $[]$[][] 
 []

[20

]
Overfull \hbox (1.61269pt too wide) has occurred while \output is active
[]$[]$ $[]$ $[]$[][] 
 []

[21

]
Underfull \hbox (badness 10000) in paragraph at lines 319--319
[]\TU/NotoSans-Regular(1)/m/n/10 C-marker
 []


Underfull \hbox (badness 10000) in paragraph at lines 319--319
\TU/NotoSans-Regular(1)/m/n/10 without
 []


Underfull \hbox (badness 10000) in paragraph at lines 319--319
\TU/NotoSans-Regular(1)/m/n/10 unmarked
 []


Underfull \hbox (badness 10000) in paragraph at lines 319--319
\TU/NotoSans-Regular(1)/m/n/10 unmarked
 []


Overfull \vbox (5.77388pt too high) detected at line 319
 []


Overfull \hbox (1.61269pt too wide) has occurred while \output is active
[]$[]$ $[]$ $[]$[][] 
 []

[22

]
Overfull \hbox (1.61269pt too wide) has occurred while \output is active
[]$[]$ $[]$ $[]$[][] 
 []

[23

]
Overfull \hbox (1.61269pt too wide) has occurred while \output is active
[]$[]$ $[]$ $[]$[][] 
 []

[24

]
Overfull \hbox (1.61269pt too wide) has occurred while \output is active
[]$[]$ $[]$ $[]$[][] 
 []

[25

]
Overfull \vbox (9.23705pt too high) detected at line 369
 []


Overfull \hbox (1.61269pt too wide) has occurred while \output is active
[]$[]$ $[]$ $[]$[][] 
 []

[26

]

LaTeX Font Warning: Font shape `TU/FandolHei-Regular(0)/m/it' undefined
(Font)              using `TU/FandolHei-Regular(0)/m/n' instead on input line 3
75.


Package fontspec Warning: 
(fontspec)                Script 'CJK' not explicitly supported within font
(fontspec)                'FandolFang-Regular'. Check the typeset output, and
(fontspec)                if it is okay then ignore this warning. Otherwise a
(fontspec)                different font should be chosen.


Package fontspec Info: 
(fontspec)             Font family 'FandolFang-Regular(0)' created for font
(fontspec)             'FandolFang-Regular' with options
(fontspec)             [Ligatures=TeX,Mapping=tex-text,Script={CJK},Extension={
.otf}].
(fontspec)              
(fontspec)              This font family consists of the following NFSS
(fontspec)             series/shapes:
(fontspec)              
(fontspec)             - 'normal' (m/n) with NFSS spec.:
(fontspec)             <->"[FandolFang-Regular.otf]/OT:script=hani;language=dfl
t;mapping=tex-text;"
(fontspec)             - 'small caps'  (m/sc) with NFSS spec.: 


Overfull \hbox (1.61269pt too wide) has occurred while \output is active
[]$[]$ $[]$ $[]$[][] 
 []

[27

]
Overfull \hbox (1.61269pt too wide) has occurred while \output is active
[]$[]$ $[]$ $[]$[][] 
 []

[28


]
Overfull \hbox (1.61269pt too wide) has occurred while \output is active
[]$[]$ $[]$ $[]$[][] 
 []

[29


]
Overfull \hbox (1.61269pt too wide) has occurred while \output is active
[]$[]$ $[]$ $[]$[][] 
 []

[30


]
Overfull \hbox (1.61269pt too wide) has occurred while \output is active
[]$[]$ $[]$ $[]$[][] 
 []

[31

]
Overfull \hbox (1.61269pt too wide) has occurred while \output is active
[]$[]$ $[]$ $[]$[][] 
 []

[32

]
Overfull \hbox (1.61269pt too wide) has occurred while \output is active
[]$[]$ $[]$ $[]$[][] 
 []

[33

]
Overfull \hbox (1.61269pt too wide) has occurred while \output is active
[]$[]$ $[]$ $[]$[][] 
 []

[34

]
Overfull \hbox (1.61269pt too wide) has occurred while \output is active
[]$[]$ $[]$ $[]$[][] 
 []

[35

]
Overfull \hbox (1.61269pt too wide) has occurred while \output is active
[]$[]$ $[]$ $[]$[][] 
 []

[36

]
Overfull \hbox (1.61269pt too wide) has occurred while \output is active
[]$[]$ $[]$ $[]$[][] 
 []

[37

]
Overfull \vbox (11.1624pt too high) detected at line 478
 []


Overfull \hbox (1.61269pt too wide) has occurred while \output is active
[]$[]$ $[]$ $[]$[][] 
 []

[38

]
Overfull \hbox (1.61269pt too wide) has occurred while \output is active
[]$[]$ $[]$ $[]$[][] 
 []

[39

]
Overfull \hbox (1.61269pt too wide) has occurred while \output is active
[]$[]$ $[]$ $[]$[][] 
 []

[40


]
Overfull \hbox (1.61269pt too wide) has occurred while \output is active
[]$[]$ $[]$ $[]$[][] 
 []

[41


]
\tf@nav=\write10
\openout10 = `presento.nav'.

\tf@toc=\write11
\openout11 = `presento.toc'.

\tf@snm=\write12
\openout12 = `presento.snm'.



Package glossaries Warning: No \printglossary or \printglossaries found. 
(Remove \makeglossaries if you don't want any glossaries.) 
This document will not have a glossary.

(./presento.aux)
 ***********
LaTeX2e <2023-11-01> patch level 1
L3 programming layer <2022/07/14>
 ***********


LaTeX Font Warning: Some font shapes were not available, defaults substituted.

Package rerunfilecheck Info: File `presento.out' has not changed.
(rerunfilecheck)             Checksum: AEA4B6A8AE45636C75679C2F0DFA4493;93.
Package logreq Info: Writing requests to 'presento.run.xml'.
\openout1 = `presento.run.xml'.

 ) 
Here is how much of TeX's memory you used:
 51189 strings out of 474705
 1055562 string characters out of 5759833
 1937406 words of memory out of 5000000
 72511 multiletter control sequences out of 15000+600000
 576215 words of font info for 148 fonts, out of 8000000 for 9000
 1348 hyphenation exceptions out of 8191
 128i,17n,123p,2351b,5567s stack positions out of 10000i,1000n,20000p,200000b,200000s

Output written on presento.pdf (41 pages).
